#
# A fatal error has been detected by the Java Runtime Environment:
#
#  SIGSEGV (0xb) at pc=0x0000000127ea901f, pid=15655, tid=56327
#
# JRE version: OpenJDK Runtime Environment (13.0.2+8) (build 13.0.2+8)
# Java VM: OpenJDK 64-Bit Server VM (13.0.2+8, mixed mode, sharing, tiered, compressed oops, g1 gc, bsd-amd64)
# Problematic frame:
# C  [libawt_lwawt.dylib+0x2101f]  OGLSD_SetScratchSurface+0x1f
#
# No core dump will be written. Core dumps have been disabled. To enable core dumping, try "ulimit -c unlimited" before starting Java again
#
# If you would like to submit a bug report, please visit:
#   http://bugreport.java.com/bugreport/crash.jsp
# The crash happened outside the Java Virtual Machine in native code.
# See problematic frame for where to report the bug.
#

---------------  S U M M A R Y ------------

Command Line: HardwareSimulatorMain

Host: MacBookPro15,4 x86_64 1400 MHz, 8 cores, 8G, Darwin 18.7.0
Time: Sun May  3 11:13:30 2020 JST elapsed time: 7731 seconds (0d 2h 8m 51s)

---------------  T H R E A D  ---------------

Current thread (0x00007feb79910800):  JavaThread "Java2D Queue Flusher" daemon [_thread_in_native, id=56327, stack(0x00007000051cc000,0x00007000052cc000)]

Stack: [0x00007000051cc000,0x00007000052cc000],  sp=0x00007000052cb900,  free space=1022k
Native frames: (J=compiled Java code, A=aot compiled Java code, j=interpreted, Vv=VM code, C=native code)
C  [libawt_lwawt.dylib+0x2101f]  OGLSD_SetScratchSurface+0x1f
C  [libawt_lwawt.dylib+0x43fd4]  Java_sun_java2d_opengl_OGLRenderQueue_flushBuffer+0x664
J 2182  sun.java2d.opengl.OGLRenderQueue.flushBuffer(JI)V java.desktop@13.0.2 (0 bytes) @ 0x000000011db2dfdd [0x000000011db2df20+0x00000000000000bd]
J 5196% c2 sun.java2d.opengl.OGLRenderQueue$QueueFlusher.run()V java.desktop@13.0.2 (234 bytes) @ 0x000000011dd5e2d0 [0x000000011dd5e120+0x00000000000001b0]
j  java.lang.Thread.run()V+11 java.base@13.0.2
v  ~StubRoutines::call_stub
V  [libjvm.dylib+0x39db4f]  _ZN9JavaCalls11call_helperEP9JavaValueRK12methodHandleP17JavaCallArgumentsP6Thread+0x285
V  [libjvm.dylib+0x39cf5c]  _ZN9JavaCalls12call_virtualEP9JavaValueP5KlassP6SymbolS5_P17JavaCallArgumentsP6Thread+0xe2
V  [libjvm.dylib+0x39d016]  _ZN9JavaCalls12call_virtualEP9JavaValue6HandleP5KlassP6SymbolS6_P6Thread+0x62
V  [libjvm.dylib+0x423d4e]  _ZL12thread_entryP10JavaThreadP6Thread+0x78
V  [libjvm.dylib+0x79d2d2]  _ZN10JavaThread17thread_main_innerEv+0x86
V  [libjvm.dylib+0x79d116]  _ZN10JavaThread3runEv+0x124
V  [libjvm.dylib+0x79af53]  _ZN6Thread8call_runEv+0x71
V  [libjvm.dylib+0x633c9c]  _ZL19thread_native_entryP6Thread+0x12f
C  [libsystem_pthread.dylib+0x32eb]  _pthread_body+0x7e
C  [libsystem_pthread.dylib+0x6249]  _pthread_start+0x42
C  [libsystem_pthread.dylib+0x240d]  thread_start+0xd

Java frames: (J=compiled Java code, j=interpreted, Vv=VM code)
J 2182  sun.java2d.opengl.OGLRenderQueue.flushBuffer(JI)V java.desktop@13.0.2 (0 bytes) @ 0x000000011db2df68 [0x000000011db2df20+0x0000000000000048]
J 5196% c2 sun.java2d.opengl.OGLRenderQueue$QueueFlusher.run()V java.desktop@13.0.2 (234 bytes) @ 0x000000011dd5e2d0 [0x000000011dd5e120+0x00000000000001b0]
j  java.lang.Thread.run()V+11 java.base@13.0.2
v  ~StubRoutines::call_stub

siginfo: si_signo: 11 (SIGSEGV), si_code: 1 (SEGV_MAPERR), si_addr: 0x0000000000000002

Register to memory mapping:

RAX=0x0000000127ecbfac: Java_sun_java2d_opengl_OGLRenderQueue_flushBuffer+0x63c in /usr/local/Cellar/openjdk/13.0.2+8_2/libexec/openjdk.jdk/Contents/Home/lib/libawt_lwawt.dylib at 0x0000000127e88000
RBX=0x00007feb79903e08 points into unknown readable memory: 50 bc f1 7d eb 7f 00 00
RCX=0x0000000000000047 is an unknown value
RDX=0x00007feb79903e00 points into unknown readable memory: 5a 00 00 00 47 00 00 00
RSP=0x00007000052cb900 is pointing into the stack for thread: 0x00007feb79910800
RBP=0x00007000052cb930 is pointing into the stack for thread: 0x00007feb79910800
RSI=0x00007feb7df1bc50 points into unknown readable memory: 9d c3 df b7 fe 07 00 f0
RDI=0x00007feb79910b10 points into unknown readable memory: 20 ba 7b 07 01 00 00 00
R8 =4026911230 is a compressed pointer to object: sun.java2d.pipe.RenderBuffer 
{0x00000007802e4ff0} - klass: 'sun/java2d/pipe/RenderBuffer'
R9 =0xffffffff00000000 is an unknown value
R10=0x000000011db2df68 is at entry_point+72 in (nmethod*)0x000000011db2dd90
R11=0x0000000000000020 is an unknown value
R12=0x00007feb79903e20 points into unknown readable memory: c7 02 00 00 f8 03 00 00
R13=0x0000000000000002 is an unknown value
R14=0x00007feb79903e10 points into unknown readable memory: 5a 00 00 00 49 00 00 00
R15=0x00007feb79910b10 points into unknown readable memory: 20 ba 7b 07 01 00 00 00


Registers:
RAX=0x0000000127ecbfac, RBX=0x00007feb79903e08, RCX=0x0000000000000047, RDX=0x00007feb79903e00
RSP=0x00007000052cb900, RBP=0x00007000052cb930, RSI=0x00007feb7df1bc50, RDI=0x00007feb79910b10
R8 =0x00000000f005c9fe, R9 =0xffffffff00000000, R10=0x000000011db2df68, R11=0x0000000000000020
R12=0x00007feb79903e20, R13=0x0000000000000002, R14=0x00007feb79903e10, R15=0x00007feb79910b10
RIP=0x0000000127ea901f, EFLAGS=0x0000000000010202, ERR=0x0000000000000004
  TRAPNO=0x000000000000000e

Top of Stack: (sp=0x00007000052cb900)
0x00007000052cb900:   0000000127ecbfac 00007feb79903e08
0x00007000052cb910:   00007feb79903e20 0000000000000000
0x00007000052cb920:   00007feb79903e10 00007feb7df1bc50
0x00007000052cb930:   00007000052cb980 0000000127ecbfd4
0x00007000052cb940:   00000000052cbb01 00007feb79903e20
0x00007000052cb950:   00007feb79910b10 0000000000000010
0x00007000052cb960:   0000000000000000 0000000000000000
0x00007000052cb970:   00000000f005ca0c 00007feb79910800
0x00007000052cb980:   00007000052cb9d0 000000011db2dfdd
0x00007000052cb990:   00000007802e4fd8 0000000000000008
0x00007000052cb9a0:   00007feb78d369b0 0000000789912040
0x00007000052cb9b0:   0000001a000003f9 0000000000000001
0x00007000052cb9c0:   00007000052cba30 00007feb79910800
0x00007000052cb9d0:   00000000f005c9fb 000000011dd5e2d0
0x00007000052cb9e0:   00000007802e4fd8 00000007802adee0
0x00007000052cb9f0:   0000000700000000 00000007802adee0
0x00007000052cba00:   00007000052cba30 00007000052cba88
0x00007000052cba10:   0000000000000001 0000000000000000
0x00007000052cba20:   00007000052cba88 0000000116019ff8
0x00007000052cba30:   00000007802adee0 00000007802adee0
0x00007000052cba40:   00007000052cba40 00000008006dad5b
0x00007000052cba50:   00007000052cba98 00000008003bd118
0x00007000052cba60:   0000000000000000 00000007bfe2d098
0x00007000052cba70:   000000080011c920 00007000052cba38
0x00007000052cba80:   00007000052cba98 00007000052cbb00
0x00007000052cba90:   0000000116010949 00000007802add70
0x00007000052cbaa0:   0000700000001fa0 00007000052cbcd8
0x00007000052cbab0:   00007000052cbdb0 000000080011c920
0x00007000052cbac0:   00007feb79910800 0000000000000001
0x00007000052cbad0:   00007000052cbb60 00007000052cbdb8
0x00007000052cbae0:   000070000000000a 000000080011c920
0x00007000052cbaf0:   0000000800000000 00007000052cbce0 

Instructions: (pc=0x0000000127ea901f)
0x0000000127ea8f1f:   f3 04 00 ff 15 18 36 04 00 c7 43 40 00 00 00 00
0x0000000127ea8f2f:   31 db 4d 85 ff 74 08 4c 89 ff e8 90 c7 02 00 84
0x0000000127ea8f3f:   db 75 0b 48 83 c4 08 5b 41 5e 41 5f 5d c3 e8 c8
0x0000000127ea8f4f:   c9 02 00 0f 0b 49 89 c6 eb 4c 48 89 c3 83 fa 02
0x0000000127ea8f5f:   75 31 48 89 df e8 9f c9 02 00 48 8b 3d 88 fd 04
0x0000000127ea8f6f:   00 48 8b 35 69 e2 04 00 4c 89 f2 48 89 c1 ff 15
0x0000000127ea8f7f:   bd 35 04 00 e8 86 c9 02 00 eb a5 48 89 c3 e8 7c
0x0000000127ea8f8f:   c9 02 00 48 89 df e8 6e c9 02 00 b3 01 eb 93 49
0x0000000127ea8f9f:   89 c6 84 db 74 05 e8 64 c9 02 00 4c 89 f7 e8 6c
0x0000000127ea8faf:   c8 02 00 0f 0b e8 a3 c9 02 00 55 48 89 e5 53 50
0x0000000127ea8fbf:   48 85 ff 74 0f 48 8b 47 38 48 85 c0 74 0f 48 8b
0x0000000127ea8fcf:   58 20 eb 23 48 8d 15 38 a5 03 00 eb 07 48 8d 15
0x0000000127ea8fdf:   57 a5 03 00 31 db bf 01 00 00 00 be 01 00 00 00
0x0000000127ea8fef:   31 c0 e8 42 c6 02 00 48 89 d8 48 83 c4 08 5b 5d
0x0000000127ea8fff:   c3 55 48 89 e5 41 57 41 56 41 55 41 54 53 50 48
0x0000000127ea900f:   85 f6 74 58 4c 8b 6e 10 4d 85 ed 74 58 49 89 ff
0x0000000127ea901f:   49 8b 5d 00 e8 a0 c6 02 00 49 89 c6 48 8b 3b 48
0x0000000127ea902f:   8b 35 53 f3 04 00 ff 15 05 35 04 00 48 85 c0 74
0x0000000127ea903f:   51 48 8b 3d d9 fe 04 00 48 8b 35 42 f3 04 00 ff
0x0000000127ea904f:   15 ec 34 04 00 48 8b 3b 48 39 f8 74 59 48 8b 35
0x0000000127ea905f:   95 f2 04 00 ff 15 d7 34 04 00 eb 4a 48 8d 15 f4
0x0000000127ea906f:   a4 03 00 eb 07 48 8d 15 1c a5 03 00 45 31 ed bf
0x0000000127ea907f:   01 00 00 00 be 01 00 00 00 31 c0 e8 a9 c5 02 00
0x0000000127ea908f:   eb 72 31 c0 e8 58 37 02 00 48 85 c0 74 09 48 8d
0x0000000127ea909f:   05 24 76 05 00 ff 10 4c 89 ff 4c 89 ee e8 e4 00
0x0000000127ea90af:   00 00 84 c0 74 25 41 f6 45 08 0c 74 17 48 8d 05
0x0000000127ea90bf:   fd 74 05 00 45 31 e4 bf 40 8d 00 00 31 f6 ff 10
0x0000000127ea90cf:   31 db eb 0f 45 31 e4 31 db eb 08 bb 01 00 00 00
0x0000000127ea90df:   45 31 e4 4d 85 f6 74 08 4c 89 f7 e8 df c5 02 00
0x0000000127ea90ef:   45 84 e4 75 21 83 cb 02 b8 02 00 00 00 39 c3 74
0x0000000127ea90ff:   03 45 31 ed 4c 89 e8 48 83 c4 08 5b 41 5c 41 5d
0x0000000127ea910f:   41 5e 41 5f 5d c3 e8 00 c8 02 00 0f 0b 48 89 c3 


Stack slot to memory mapping:
stack at sp + 0 slots: 0x0000000127ecbfac: Java_sun_java2d_opengl_OGLRenderQueue_flushBuffer+0x63c in /usr/local/Cellar/openjdk/13.0.2+8_2/libexec/openjdk.jdk/Contents/Home/lib/libawt_lwawt.dylib at 0x0000000127e88000
stack at sp + 1 slots: 0x00007feb79903e08 points into unknown readable memory: 50 bc f1 7d eb 7f 00 00
stack at sp + 2 slots: 0x00007feb79903e20 points into unknown readable memory: c7 02 00 00 f8 03 00 00
stack at sp + 3 slots: 0x0 is NULL
stack at sp + 4 slots: 0x00007feb79903e10 points into unknown readable memory: 5a 00 00 00 49 00 00 00
stack at sp + 5 slots: 0x00007feb7df1bc50 points into unknown readable memory: 21 42 ee b7 fe 07 00 d0
stack at sp + 6 slots: 0x00007000052cb980 is pointing into the stack for thread: 0x00007feb79910800
stack at sp + 7 slots: 0x0000000127ecbfd4: Java_sun_java2d_opengl_OGLRenderQueue_flushBuffer+0x664 in /usr/local/Cellar/openjdk/13.0.2+8_2/libexec/openjdk.jdk/Contents/Home/lib/libawt_lwawt.dylib at 0x0000000127e88000


---------------  P R O C E S S  ---------------

Threads class SMR info:
_java_thread_list=0x00007feb7dfa0fc0, length=17, elements={
0x00007feb790aa000, 0x00007feb7b800800, 0x00007feb7c000000, 0x00007feb790ab000,
0x00007feb7b000800, 0x00007feb790ac000, 0x00007feb79825000, 0x00007feb79827000,
0x00007feb7982b000, 0x00007feb798d4000, 0x00007feb79910800, 0x00007feb798fe800,
0x00007feb7913a000, 0x00007feb79b23800, 0x00007feb79afb800, 0x00007feb7bca5800,
0x00007feb7c834000
}

Java Threads: ( => current thread )
  0x00007feb790aa000 JavaThread "Reference Handler" daemon [_thread_blocked, id=14595, stack(0x000070000449c000,0x000070000459c000)]
  0x00007feb7b800800 JavaThread "Finalizer" daemon [_thread_blocked, id=15363, stack(0x000070000459f000,0x000070000469f000)]
  0x00007feb7c000000 JavaThread "Signal Dispatcher" daemon [_thread_blocked, id=43011, stack(0x00007000046a2000,0x00007000047a2000)]
  0x00007feb790ab000 JavaThread "C2 CompilerThread0" daemon [_thread_blocked, id=22019, stack(0x00007000047a5000,0x00007000048a5000)]
  0x00007feb7b000800 JavaThread "C1 CompilerThread0" daemon [_thread_blocked, id=41987, stack(0x00007000048a8000,0x00007000049a8000)]
  0x00007feb790ac000 JavaThread "Sweeper thread" daemon [_thread_blocked, id=22531, stack(0x00007000049ab000,0x0000700004aab000)]
  0x00007feb79825000 JavaThread "Service Thread" daemon [_thread_blocked, id=40707, stack(0x0000700004aae000,0x0000700004bae000)]
  0x00007feb79827000 JavaThread "Common-Cleaner" daemon [_thread_blocked, id=23043, stack(0x0000700004cb4000,0x0000700004db4000)]
  0x00007feb7982b000 JavaThread "AppKit Thread" daemon [_thread_in_native, id=775, stack(0x00007ffee973c000,0x00007ffee9f3c000)]
  0x00007feb798d4000 JavaThread "AWT-Shutdown" [_thread_blocked, id=28931, stack(0x0000700004db7000,0x0000700004eb7000)]
=>0x00007feb79910800 JavaThread "Java2D Queue Flusher" daemon [_thread_in_native, id=56327, stack(0x00007000051cc000,0x00007000052cc000)]
  0x00007feb798fe800 JavaThread "Java2D Disposer" daemon [_thread_blocked, id=57863, stack(0x00007000052cf000,0x00007000053cf000)]
  0x00007feb7913a000 JavaThread "AWT-EventQueue-0" [_thread_in_native, id=69151, stack(0x00007000054d5000,0x00007000055d5000)]
  0x00007feb79b23800 JavaThread "SwingWorker-pool-1-thread-1" daemon [_thread_blocked, id=87563, stack(0x000070000565b000,0x000070000575b000)]
  0x00007feb79afb800 JavaThread "TimerQueue" daemon [_thread_blocked, id=130331, stack(0x000070000575e000,0x000070000585e000)]
  0x00007feb7bca5800 JavaThread "SwingWorker-pool-1-thread-2" daemon [_thread_blocked, id=129027, stack(0x0000700005861000,0x0000700005961000)]
  0x00007feb7c834000 JavaThread "DestroyJavaVM" [_thread_blocked, id=8451, stack(0x0000700003d87000,0x0000700003e87000)]

Other Threads:
  0x00007feb790a9800 VMThread "VM Thread" [stack: 0x0000700004399000,0x0000700004499000] [id=14083]
  0x00007feb79826000 WatcherThread [stack: 0x0000700004bb1000,0x0000700004cb1000] [id=40451]
  0x00007feb79020800 GCTaskThread "GC Thread#0" [stack: 0x0000700003e8a000,0x0000700003f8a000] [id=12291]
  0x00007feb79b26800 GCTaskThread "GC Thread#1" [stack: 0x0000700005964000,0x0000700005a64000] [id=128211]
  0x00007feb791d1000 GCTaskThread "GC Thread#2" [stack: 0x0000700005a67000,0x0000700005b67000] [id=90639]
  0x00007feb79aed000 GCTaskThread "GC Thread#3" [stack: 0x0000700005b6a000,0x0000700005c6a000] [id=128267]
  0x00007feb7b040000 GCTaskThread "GC Thread#4" [stack: 0x0000700005c6d000,0x0000700005d6d000] [id=91139]
  0x00007feb7c839800 GCTaskThread "GC Thread#5" [stack: 0x0000700005d70000,0x0000700005e70000] [id=127491]
  0x00007feb7f829800 GCTaskThread "GC Thread#6" [stack: 0x00007000061ff000,0x00007000062ff000] [id=64283]
  0x00007feb7b007800 GCTaskThread "GC Thread#7" [stack: 0x0000700006302000,0x0000700006402000] [id=123771]
  0x00007feb79031800 ConcurrentGCThread "G1 Main Marker" [stack: 0x0000700003f8d000,0x000070000408d000] [id=20483]
  0x00007feb79032800 ConcurrentGCThread "G1 Conc#0" [stack: 0x0000700004090000,0x0000700004190000] [id=12803]
  0x00007feb7f838800 ConcurrentGCThread "G1 Conc#1" [stack: 0x00007000053d2000,0x00007000054d2000] [id=98599]
  0x00007feb79093000 ConcurrentGCThread "G1 Refine#0" [stack: 0x0000700004193000,0x0000700004293000] [id=19459]
  0x00007feb7ba8b800 ConcurrentGCThread "G1 Refine#1" [stack: 0x0000700005e73000,0x0000700005f73000] [id=91915]
  0x00007feb79b25800 ConcurrentGCThread "G1 Refine#2" [stack: 0x0000700005f76000,0x0000700006076000] [id=92163]
  0x00007feb79ae3000 ConcurrentGCThread "G1 Refine#3" [stack: 0x0000700006079000,0x0000700006179000] [id=126979]
  0x00007feb79094000 ConcurrentGCThread "G1 Young RemSet Sampling" [stack: 0x0000700004296000,0x0000700004396000] [id=18947]

Threads with active compile tasks:

VM state:not at safepoint (normal execution)

VM Mutex/Monitor currently owned by a thread: None

Heap address: 0x0000000780000000, size: 2048 MB, Compressed Oops mode: Zero based, Oop shift amount: 3
Narrow klass base: 0x0000000800000000, Narrow klass shift: 3
Compressed class space size: 1073741824 Address: 0x0000000800af5000

Heap:
 garbage-first heap   total 166912K, used 123866K [0x0000000780000000, 0x0000000800000000)
  region size 1024K, 8 young (8192K), 7 survivors (7168K)
 Metaspace       used 18030K, capacity 18475K, committed 18816K, reserved 1064960K
  class space    used 2116K, capacity 2268K, committed 2432K, reserved 1048576K
Heap Regions: E=young(eden), S=young(survivor), O=old, HS=humongous(starts), HC=humongous(continues), CS=collection set, F=free, A=archive, TAMS=top-at-mark-start (previous, next)
|   0|0x0000000780000000, 0x0000000780100000, 0x0000000780100000|100%| O|  |TAMS 0x0000000780100000, 0x0000000780000000| Complete 
|   1|0x0000000780100000, 0x0000000780200000, 0x0000000780200000|100%| O|  |TAMS 0x0000000780200000, 0x0000000780100000| Complete 
|   2|0x0000000780200000, 0x0000000780300000, 0x0000000780300000|100%| O|  |TAMS 0x0000000780300000, 0x0000000780200000| Untracked 
|   3|0x0000000780300000, 0x0000000780400000, 0x0000000780400000|100%| O|  |TAMS 0x0000000780400000, 0x0000000780300000| Complete 
|   4|0x0000000780400000, 0x0000000780500000, 0x0000000780500000|100%| O|  |TAMS 0x0000000780500000, 0x0000000780400000| Complete 
|   5|0x0000000780500000, 0x0000000780600000, 0x0000000780600000|100%| O|  |TAMS 0x0000000780600000, 0x0000000780500000| Complete 
|   6|0x0000000780600000, 0x0000000780700000, 0x0000000780700000|100%|HS|  |TAMS 0x0000000780700000, 0x0000000780600000| Complete 
|   7|0x0000000780700000, 0x0000000780800000, 0x0000000780800000|100%|HS|  |TAMS 0x0000000780800000, 0x0000000780700000| Complete 
|   8|0x0000000780800000, 0x0000000780900000, 0x0000000780900000|100%| O|  |TAMS 0x0000000780900000, 0x0000000780800000| Complete 
|   9|0x0000000780900000, 0x0000000780a00000, 0x0000000780a00000|100%| O|  |TAMS 0x0000000780a00000, 0x0000000780900000| Complete 
|  10|0x0000000780a00000, 0x0000000780b00000, 0x0000000780b00000|100%| O|  |TAMS 0x0000000780b00000, 0x0000000780a00000| Complete 
|  11|0x0000000780b00000, 0x0000000780c00000, 0x0000000780c00000|100%| O|  |TAMS 0x0000000780c00000, 0x0000000780b00000| Complete 
|  12|0x0000000780c00000, 0x0000000780d00000, 0x0000000780d00000|100%|HS|  |TAMS 0x0000000780d00000, 0x0000000780c00000| Complete 
|  13|0x0000000780d00000, 0x0000000780e00000, 0x0000000780e00000|100%|HS|  |TAMS 0x0000000780e00000, 0x0000000780d00000| Complete 
|  14|0x0000000780e00000, 0x0000000780f00000, 0x0000000780f00000|100%|HS|  |TAMS 0x0000000780f00000, 0x0000000780e00000| Complete 
|  15|0x0000000780f00000, 0x0000000781000000, 0x0000000781000000|100%|HS|  |TAMS 0x0000000781000000, 0x0000000780f00000| Complete 
|  16|0x0000000781000000, 0x0000000781100000, 0x0000000781100000|100%| O|  |TAMS 0x0000000781100000, 0x0000000781000000| Complete 
|  17|0x0000000781100000, 0x0000000781200000, 0x0000000781200000|100%| O|  |TAMS 0x0000000781200000, 0x0000000781100000| Complete 
|  18|0x0000000781200000, 0x0000000781300000, 0x0000000781300000|100%| O|  |TAMS 0x0000000781300000, 0x0000000781200000| Complete 
|  19|0x0000000781300000, 0x0000000781400000, 0x0000000781400000|100%| O|  |TAMS 0x0000000781400000, 0x0000000781300000| Complete 
|  20|0x0000000781400000, 0x0000000781500000, 0x0000000781500000|100%| O|  |TAMS 0x0000000781500000, 0x0000000781400000| Complete 
|  21|0x0000000781500000, 0x0000000781600000, 0x0000000781600000|100%| O|  |TAMS 0x0000000781600000, 0x0000000781500000| Complete 
|  22|0x0000000781600000, 0x0000000781700000, 0x0000000781700000|100%| O|  |TAMS 0x0000000781700000, 0x0000000781600000| Complete 
|  23|0x0000000781700000, 0x0000000781800000, 0x0000000781800000|100%| O|  |TAMS 0x0000000781800000, 0x0000000781700000| Complete 
|  24|0x0000000781800000, 0x0000000781900000, 0x0000000781900000|100%| O|  |TAMS 0x0000000781900000, 0x0000000781800000| Complete 
|  25|0x0000000781900000, 0x0000000781a00000, 0x0000000781a00000|100%| O|  |TAMS 0x0000000781a00000, 0x0000000781900000| Complete 
|  26|0x0000000781a00000, 0x0000000781b00000, 0x0000000781b00000|100%| O|  |TAMS 0x0000000781b00000, 0x0000000781a00000| Complete 
|  27|0x0000000781b00000, 0x0000000781c00000, 0x0000000781c00000|100%| O|  |TAMS 0x0000000781c00000, 0x0000000781b00000| Complete 
|  28|0x0000000781c00000, 0x0000000781d00000, 0x0000000781d00000|100%|HS|  |TAMS 0x0000000781d00000, 0x0000000781c00000| Complete 
|  29|0x0000000781d00000, 0x0000000781e00000, 0x0000000781e00000|100%|HS|  |TAMS 0x0000000781e00000, 0x0000000781d00000| Complete 
|  30|0x0000000781e00000, 0x0000000781f00000, 0x0000000781f00000|100%|HS|  |TAMS 0x0000000781f00000, 0x0000000781e00000| Complete 
|  31|0x0000000781f00000, 0x0000000782000000, 0x0000000782000000|100%|HS|  |TAMS 0x0000000782000000, 0x0000000781f00000| Complete 
|  32|0x0000000782000000, 0x0000000782100000, 0x0000000782100000|100%| O|  |TAMS 0x0000000782100000, 0x0000000782000000| Complete 
|  33|0x0000000782100000, 0x0000000782200000, 0x0000000782200000|100%| O|  |TAMS 0x0000000782200000, 0x0000000782100000| Complete 
|  34|0x0000000782200000, 0x0000000782300000, 0x0000000782300000|100%| O|  |TAMS 0x0000000782300000, 0x0000000782200000| Untracked 
|  35|0x0000000782300000, 0x000000078236f600, 0x0000000782400000| 43%| O|  |TAMS 0x000000078236f600, 0x0000000782300000| Untracked 
|  36|0x0000000782400000, 0x0000000782500000, 0x0000000782500000|100%|HS|  |TAMS 0x0000000782500000, 0x0000000782400000| Complete 
|  37|0x0000000782500000, 0x0000000782600000, 0x0000000782600000|100%|HC|  |TAMS 0x0000000782600000, 0x0000000782500000| Complete 
|  38|0x0000000782600000, 0x0000000782700000, 0x0000000782700000|100%|HC|  |TAMS 0x0000000782700000, 0x0000000782600000| Complete 
|  39|0x0000000782700000, 0x0000000782800000, 0x0000000782800000|100%|HC|  |TAMS 0x0000000782800000, 0x0000000782700000| Complete 
|  40|0x0000000782800000, 0x0000000782900000, 0x0000000782900000|100%|HC|  |TAMS 0x0000000782900000, 0x0000000782800000| Complete 
|  41|0x0000000782900000, 0x0000000782a00000, 0x0000000782a00000|100%|HC|  |TAMS 0x0000000782a00000, 0x0000000782900000| Complete 
|  42|0x0000000782a00000, 0x0000000782b00000, 0x0000000782b00000|100%|HC|  |TAMS 0x0000000782b00000, 0x0000000782a00000| Complete 
|  43|0x0000000782b00000, 0x0000000782c00000, 0x0000000782c00000|100%|HC|  |TAMS 0x0000000782c00000, 0x0000000782b00000| Complete 
|  44|0x0000000782c00000, 0x0000000782d00000, 0x0000000782d00000|100%|HC|  |TAMS 0x0000000782d00000, 0x0000000782c00000| Complete 
|  45|0x0000000782d00000, 0x0000000782e00000, 0x0000000782e00000|100%|HC|  |TAMS 0x0000000782e00000, 0x0000000782d00000| Complete 
|  46|0x0000000782e00000, 0x0000000782f00000, 0x0000000782f00000|100%|HC|  |TAMS 0x0000000782f00000, 0x0000000782e00000| Complete 
|  47|0x0000000782f00000, 0x0000000783000000, 0x0000000783000000|100%|HC|  |TAMS 0x0000000783000000, 0x0000000782f00000| Complete 
|  48|0x0000000783000000, 0x0000000783100000, 0x0000000783100000|100%|HC|  |TAMS 0x0000000783100000, 0x0000000783000000| Complete 
|  49|0x0000000783100000, 0x0000000783200000, 0x0000000783200000|100%|HC|  |TAMS 0x0000000783200000, 0x0000000783100000| Complete 
|  50|0x0000000783200000, 0x0000000783300000, 0x0000000783300000|100%|HS|  |TAMS 0x0000000783200000, 0x0000000783200000| Complete 
|  51|0x0000000783300000, 0x0000000783400000, 0x0000000783400000|100%|HC|  |TAMS 0x0000000783300000, 0x0000000783300000| Complete 
|  52|0x0000000783400000, 0x0000000783500000, 0x0000000783500000|100%|HC|  |TAMS 0x0000000783400000, 0x0000000783400000| Complete 
|  53|0x0000000783500000, 0x0000000783600000, 0x0000000783600000|100%|HC|  |TAMS 0x0000000783500000, 0x0000000783500000| Complete 
|  54|0x0000000783600000, 0x0000000783700000, 0x0000000783700000|100%|HC|  |TAMS 0x0000000783600000, 0x0000000783600000| Complete 
|  55|0x0000000783700000, 0x0000000783800000, 0x0000000783800000|100%|HS|  |TAMS 0x0000000783700000, 0x0000000783700000| Complete 
|  56|0x0000000783800000, 0x0000000783900000, 0x0000000783900000|100%|HC|  |TAMS 0x0000000783800000, 0x0000000783800000| Complete 
|  57|0x0000000783900000, 0x0000000783a00000, 0x0000000783a00000|100%|HC|  |TAMS 0x0000000783900000, 0x0000000783900000| Complete 
|  58|0x0000000783a00000, 0x0000000783b00000, 0x0000000783b00000|100%|HC|  |TAMS 0x0000000783a00000, 0x0000000783a00000| Complete 
|  59|0x0000000783b00000, 0x0000000783b00000, 0x0000000783c00000|  0%| F|  |TAMS 0x0000000783b00000, 0x0000000783b00000| Untracked 
|  60|0x0000000783c00000, 0x0000000783c00000, 0x0000000783d00000|  0%| F|  |TAMS 0x0000000783c00000, 0x0000000783c00000| Untracked 
|  61|0x0000000783d00000, 0x0000000783e00000, 0x0000000783e00000|100%|HS|  |TAMS 0x0000000783e00000, 0x0000000783d00000| Complete 
|  62|0x0000000783e00000, 0x0000000783f00000, 0x0000000783f00000|100%|HC|  |TAMS 0x0000000783f00000, 0x0000000783e00000| Complete 
|  63|0x0000000783f00000, 0x0000000784000000, 0x0000000784000000|100%|HC|  |TAMS 0x0000000784000000, 0x0000000783f00000| Complete 
|  64|0x0000000784000000, 0x0000000784100000, 0x0000000784100000|100%|HC|  |TAMS 0x0000000784100000, 0x0000000784000000| Complete 
|  65|0x0000000784100000, 0x0000000784200000, 0x0000000784200000|100%|HC|  |TAMS 0x0000000784200000, 0x0000000784100000| Complete 
|  66|0x0000000784200000, 0x0000000784300000, 0x0000000784300000|100%|HC|  |TAMS 0x0000000784300000, 0x0000000784200000| Complete 
|  67|0x0000000784300000, 0x0000000784400000, 0x0000000784400000|100%|HC|  |TAMS 0x0000000784400000, 0x0000000784300000| Complete 
|  68|0x0000000784400000, 0x0000000784500000, 0x0000000784500000|100%|HC|  |TAMS 0x0000000784500000, 0x0000000784400000| Complete 
|  69|0x0000000784500000, 0x0000000784600000, 0x0000000784600000|100%|HC|  |TAMS 0x0000000784600000, 0x0000000784500000| Complete 
|  70|0x0000000784600000, 0x0000000784700000, 0x0000000784700000|100%|HC|  |TAMS 0x0000000784700000, 0x0000000784600000| Complete 
|  71|0x0000000784700000, 0x0000000784800000, 0x0000000784800000|100%|HC|  |TAMS 0x0000000784800000, 0x0000000784700000| Complete 
|  72|0x0000000784800000, 0x0000000784900000, 0x0000000784900000|100%|HC|  |TAMS 0x0000000784900000, 0x0000000784800000| Complete 
|  73|0x0000000784900000, 0x0000000784a00000, 0x0000000784a00000|100%|HC|  |TAMS 0x0000000784a00000, 0x0000000784900000| Complete 
|  74|0x0000000784a00000, 0x0000000784b00000, 0x0000000784b00000|100%|HC|  |TAMS 0x0000000784b00000, 0x0000000784a00000| Complete 
|  75|0x0000000784b00000, 0x0000000784c00000, 0x0000000784c00000|100%|HS|  |TAMS 0x0000000784b00000, 0x0000000784b00000| Complete 
|  76|0x0000000784c00000, 0x0000000784d00000, 0x0000000784d00000|100%|HC|  |TAMS 0x0000000784c00000, 0x0000000784c00000| Complete 
|  77|0x0000000784d00000, 0x0000000784e00000, 0x0000000784e00000|100%|HC|  |TAMS 0x0000000784d00000, 0x0000000784d00000| Complete 
|  78|0x0000000784e00000, 0x0000000784f00000, 0x0000000784f00000|100%|HC|  |TAMS 0x0000000784e00000, 0x0000000784e00000| Complete 
|  79|0x0000000784f00000, 0x0000000785000000, 0x0000000785000000|100%|HS|  |TAMS 0x0000000784f00000, 0x0000000784f00000| Complete 
|  80|0x0000000785000000, 0x0000000785100000, 0x0000000785100000|100%|HC|  |TAMS 0x0000000785000000, 0x0000000785000000| Complete 
|  81|0x0000000785100000, 0x0000000785200000, 0x0000000785200000|100%|HC|  |TAMS 0x0000000785100000, 0x0000000785100000| Complete 
|  82|0x0000000785200000, 0x0000000785300000, 0x0000000785300000|100%|HS|  |TAMS 0x0000000785200000, 0x0000000785200000| Complete 
|  83|0x0000000785300000, 0x0000000785400000, 0x0000000785400000|100%|HC|  |TAMS 0x0000000785300000, 0x0000000785300000| Complete 
|  84|0x0000000785400000, 0x0000000785500000, 0x0000000785500000|100%|HC|  |TAMS 0x0000000785400000, 0x0000000785400000| Complete 
|  85|0x0000000785500000, 0x0000000785600000, 0x0000000785600000|100%|HC|  |TAMS 0x0000000785500000, 0x0000000785500000| Complete 
|  86|0x0000000785600000, 0x0000000785700000, 0x0000000785700000|100%|HC|  |TAMS 0x0000000785600000, 0x0000000785600000| Complete 
|  87|0x0000000785700000, 0x0000000785800000, 0x0000000785800000|100%|HC|  |TAMS 0x0000000785700000, 0x0000000785700000| Complete 
|  88|0x0000000785800000, 0x0000000785900000, 0x0000000785900000|100%|HC|  |TAMS 0x0000000785800000, 0x0000000785800000| Complete 
|  89|0x0000000785900000, 0x0000000785a00000, 0x0000000785a00000|100%|HC|  |TAMS 0x0000000785900000, 0x0000000785900000| Complete 
|  90|0x0000000785a00000, 0x0000000785b00000, 0x0000000785b00000|100%|HC|  |TAMS 0x0000000785a00000, 0x0000000785a00000| Complete 
|  91|0x0000000785b00000, 0x0000000785c00000, 0x0000000785c00000|100%|HC|  |TAMS 0x0000000785b00000, 0x0000000785b00000| Complete 
|  92|0x0000000785c00000, 0x0000000785d00000, 0x0000000785d00000|100%|HC|  |TAMS 0x0000000785c00000, 0x0000000785c00000| Complete 
|  93|0x0000000785d00000, 0x0000000785e00000, 0x0000000785e00000|100%|HC|  |TAMS 0x0000000785d00000, 0x0000000785d00000| Complete 
|  94|0x0000000785e00000, 0x0000000785f00000, 0x0000000785f00000|100%|HC|  |TAMS 0x0000000785e00000, 0x0000000785e00000| Complete 
|  95|0x0000000785f00000, 0x0000000786000000, 0x0000000786000000|100%|HC|  |TAMS 0x0000000785f00000, 0x0000000785f00000| Complete 
|  96|0x0000000786000000, 0x0000000786100000, 0x0000000786100000|100%|HC|  |TAMS 0x0000000786000000, 0x0000000786000000| Complete 
|  97|0x0000000786100000, 0x0000000786200000, 0x0000000786200000|100%|HC|  |TAMS 0x0000000786100000, 0x0000000786100000| Complete 
|  98|0x0000000786200000, 0x0000000786300000, 0x0000000786300000|100%|HC|  |TAMS 0x0000000786200000, 0x0000000786200000| Complete 
|  99|0x0000000786300000, 0x0000000786400000, 0x0000000786400000|100%|HS|  |TAMS 0x0000000786300000, 0x0000000786300000| Complete 
| 100|0x0000000786400000, 0x0000000786500000, 0x0000000786500000|100%|HC|  |TAMS 0x0000000786400000, 0x0000000786400000| Complete 
| 101|0x0000000786500000, 0x0000000786600000, 0x0000000786600000|100%|HC|  |TAMS 0x0000000786500000, 0x0000000786500000| Complete 
| 102|0x0000000786600000, 0x0000000786700000, 0x0000000786700000|100%|HC|  |TAMS 0x0000000786600000, 0x0000000786600000| Complete 
| 103|0x0000000786700000, 0x0000000786800000, 0x0000000786800000|100%|HC|  |TAMS 0x0000000786700000, 0x0000000786700000| Complete 
| 104|0x0000000786800000, 0x0000000786900000, 0x0000000786900000|100%|HC|  |TAMS 0x0000000786800000, 0x0000000786800000| Complete 
| 105|0x0000000786900000, 0x0000000786a00000, 0x0000000786a00000|100%|HC|  |TAMS 0x0000000786900000, 0x0000000786900000| Complete 
| 106|0x0000000786a00000, 0x0000000786b00000, 0x0000000786b00000|100%|HC|  |TAMS 0x0000000786a00000, 0x0000000786a00000| Complete 
| 107|0x0000000786b00000, 0x0000000786c00000, 0x0000000786c00000|100%|HC|  |TAMS 0x0000000786b00000, 0x0000000786b00000| Complete 
| 108|0x0000000786c00000, 0x0000000786d00000, 0x0000000786d00000|100%|HC|  |TAMS 0x0000000786c00000, 0x0000000786c00000| Complete 
| 109|0x0000000786d00000, 0x0000000786e00000, 0x0000000786e00000|100%|HC|  |TAMS 0x0000000786d00000, 0x0000000786d00000| Complete 
| 110|0x0000000786e00000, 0x0000000786f00000, 0x0000000786f00000|100%|HC|  |TAMS 0x0000000786e00000, 0x0000000786e00000| Complete 
| 111|0x0000000786f00000, 0x0000000787000000, 0x0000000787000000|100%|HC|  |TAMS 0x0000000786f00000, 0x0000000786f00000| Complete 
| 112|0x0000000787000000, 0x0000000787100000, 0x0000000787100000|100%|HC|  |TAMS 0x0000000787000000, 0x0000000787000000| Complete 
| 113|0x0000000787100000, 0x0000000787200000, 0x0000000787200000|100%|HC|  |TAMS 0x0000000787100000, 0x0000000787100000| Complete 
| 114|0x0000000787200000, 0x0000000787300000, 0x0000000787300000|100%|HC|  |TAMS 0x0000000787200000, 0x0000000787200000| Complete 
| 115|0x0000000787300000, 0x0000000787400000, 0x0000000787400000|100%|HC|  |TAMS 0x0000000787300000, 0x0000000787300000| Complete 
| 116|0x0000000787400000, 0x0000000787400000, 0x0000000787500000|  0%| F|  |TAMS 0x0000000787400000, 0x0000000787400000| Untracked 
| 117|0x0000000787500000, 0x0000000787500000, 0x0000000787600000|  0%| F|  |TAMS 0x0000000787500000, 0x0000000787500000| Untracked 
| 118|0x0000000787600000, 0x0000000787600000, 0x0000000787700000|  0%| F|  |TAMS 0x0000000787600000, 0x0000000787600000| Untracked 
| 119|0x0000000787700000, 0x0000000787700000, 0x0000000787800000|  0%| F|  |TAMS 0x0000000787700000, 0x0000000787700000| Untracked 
| 120|0x0000000787800000, 0x0000000787800000, 0x0000000787900000|  0%| F|  |TAMS 0x0000000787800000, 0x0000000787800000| Untracked 
| 121|0x0000000787900000, 0x0000000787900000, 0x0000000787a00000|  0%| F|  |TAMS 0x0000000787900000, 0x0000000787900000| Untracked 
| 122|0x0000000787a00000, 0x0000000787a00000, 0x0000000787b00000|  0%| F|  |TAMS 0x0000000787a00000, 0x0000000787a00000| Untracked 
| 123|0x0000000787b00000, 0x0000000787b00000, 0x0000000787c00000|  0%| F|  |TAMS 0x0000000787b00000, 0x0000000787b00000| Untracked 
| 124|0x0000000787c00000, 0x0000000787c00000, 0x0000000787d00000|  0%| F|  |TAMS 0x0000000787c00000, 0x0000000787c00000| Untracked 
| 125|0x0000000787d00000, 0x0000000787d00000, 0x0000000787e00000|  0%| F|  |TAMS 0x0000000787d00000, 0x0000000787d00000| Untracked 
| 126|0x0000000787e00000, 0x0000000787e00000, 0x0000000787f00000|  0%| F|  |TAMS 0x0000000787e00000, 0x0000000787e00000| Untracked 
| 127|0x0000000787f00000, 0x0000000787f00000, 0x0000000788000000|  0%| F|  |TAMS 0x0000000787f00000, 0x0000000787f00000| Untracked 
| 128|0x0000000788000000, 0x0000000788000000, 0x0000000788100000|  0%| F|  |TAMS 0x0000000788000000, 0x0000000788000000| Untracked 
| 129|0x0000000788100000, 0x0000000788100000, 0x0000000788200000|  0%| F|  |TAMS 0x0000000788100000, 0x0000000788100000| Untracked 
| 130|0x0000000788200000, 0x0000000788200000, 0x0000000788300000|  0%| F|  |TAMS 0x0000000788200000, 0x0000000788200000| Untracked 
| 131|0x0000000788300000, 0x0000000788300000, 0x0000000788400000|  0%| F|  |TAMS 0x0000000788300000, 0x0000000788300000| Untracked 
| 132|0x0000000788400000, 0x0000000788400000, 0x0000000788500000|  0%| F|  |TAMS 0x0000000788400000, 0x0000000788400000| Untracked 
| 133|0x0000000788500000, 0x0000000788500000, 0x0000000788600000|  0%| F|  |TAMS 0x0000000788500000, 0x0000000788500000| Untracked 
| 134|0x0000000788600000, 0x0000000788600000, 0x0000000788700000|  0%| F|  |TAMS 0x0000000788600000, 0x0000000788600000| Untracked 
| 135|0x0000000788700000, 0x0000000788700000, 0x0000000788800000|  0%| F|  |TAMS 0x0000000788700000, 0x0000000788700000| Untracked 
| 136|0x0000000788800000, 0x0000000788800000, 0x0000000788900000|  0%| F|  |TAMS 0x0000000788800000, 0x0000000788800000| Untracked 
| 137|0x0000000788900000, 0x0000000788900000, 0x0000000788a00000|  0%| F|  |TAMS 0x0000000788900000, 0x0000000788900000| Untracked 
| 138|0x0000000788a00000, 0x0000000788a00000, 0x0000000788b00000|  0%| F|  |TAMS 0x0000000788a00000, 0x0000000788a00000| Untracked 
| 139|0x0000000788b00000, 0x0000000788b00000, 0x0000000788c00000|  0%| F|  |TAMS 0x0000000788b00000, 0x0000000788b00000| Untracked 
| 140|0x0000000788c00000, 0x0000000788c00000, 0x0000000788d00000|  0%| F|  |TAMS 0x0000000788c00000, 0x0000000788c00000| Untracked 
| 141|0x0000000788d00000, 0x0000000788d00000, 0x0000000788e00000|  0%| F|  |TAMS 0x0000000788d00000, 0x0000000788d00000| Untracked 
| 142|0x0000000788e00000, 0x0000000788e00000, 0x0000000788f00000|  0%| F|  |TAMS 0x0000000788e00000, 0x0000000788e00000| Untracked 
| 143|0x0000000788f00000, 0x0000000788f00000, 0x0000000789000000|  0%| F|  |TAMS 0x0000000788f00000, 0x0000000788f00000| Untracked 
| 144|0x0000000789000000, 0x0000000789000000, 0x0000000789100000|  0%| F|  |TAMS 0x0000000789000000, 0x0000000789000000| Untracked 
| 145|0x0000000789100000, 0x0000000789100000, 0x0000000789200000|  0%| F|  |TAMS 0x0000000789100000, 0x0000000789100000| Untracked 
| 146|0x0000000789200000, 0x0000000789200000, 0x0000000789300000|  0%| F|  |TAMS 0x0000000789200000, 0x0000000789200000| Untracked 
| 147|0x0000000789300000, 0x0000000789300000, 0x0000000789400000|  0%| F|  |TAMS 0x0000000789300000, 0x0000000789300000| Untracked 
| 148|0x0000000789400000, 0x0000000789400000, 0x0000000789500000|  0%| F|  |TAMS 0x0000000789400000, 0x0000000789400000| Untracked 
| 149|0x0000000789500000, 0x0000000789500000, 0x0000000789600000|  0%| F|  |TAMS 0x0000000789500000, 0x0000000789500000| Untracked 
| 150|0x0000000789600000, 0x0000000789600000, 0x0000000789700000|  0%| F|  |TAMS 0x0000000789600000, 0x0000000789600000| Untracked 
| 151|0x0000000789700000, 0x0000000789700000, 0x0000000789800000|  0%| F|  |TAMS 0x0000000789700000, 0x0000000789700000| Untracked 
| 152|0x0000000789800000, 0x0000000789800000, 0x0000000789900000|  0%| F|  |TAMS 0x0000000789800000, 0x0000000789800000| Untracked 
| 153|0x0000000789900000, 0x000000078992e888, 0x0000000789a00000| 18%| E|  |TAMS 0x0000000789900000, 0x0000000789900000| Complete 
| 154|0x0000000789a00000, 0x0000000789b00000, 0x0000000789b00000|100%| S|CS|TAMS 0x0000000789a00000, 0x0000000789a00000| Complete 
| 155|0x0000000789b00000, 0x0000000789c00000, 0x0000000789c00000|100%| S|CS|TAMS 0x0000000789b00000, 0x0000000789b00000| Complete 
| 156|0x0000000789c00000, 0x0000000789d00000, 0x0000000789d00000|100%| S|CS|TAMS 0x0000000789c00000, 0x0000000789c00000| Complete 
| 157|0x0000000789d00000, 0x0000000789e00000, 0x0000000789e00000|100%| S|CS|TAMS 0x0000000789d00000, 0x0000000789d00000| Complete 
| 158|0x0000000789e00000, 0x0000000789f00000, 0x0000000789f00000|100%| S|CS|TAMS 0x0000000789e00000, 0x0000000789e00000| Complete 
| 159|0x0000000789f00000, 0x000000078a000000, 0x000000078a000000|100%| S|CS|TAMS 0x0000000789f00000, 0x0000000789f00000| Complete 
| 160|0x000000078a000000, 0x000000078a0c8228, 0x000000078a100000| 78%| S|CS|TAMS 0x000000078a000000, 0x000000078a000000| Complete 
|1022|0x00000007bfe00000, 0x00000007bfe48000, 0x00000007bff00000| 28%|OA|  |TAMS 0x00000007bfe48000, 0x00000007bfe00000| Untracked 
|1023|0x00000007bff00000, 0x00000007bff77000, 0x00000007c0000000| 46%|CA|  |TAMS 0x00000007bff77000, 0x00000007bff00000| Untracked 

Card table byte_map: [0x0000000108a50000,0x0000000108e50000] _byte_map_base: 0x0000000104e50000

Marking Bits (Prev, Next): (CMBitMap*) 0x00007feb79021258, (CMBitMap*) 0x00007feb79021218
 Prev Bits: [0x000000010b250000, 0x000000010d250000)
 Next Bits: [0x0000000109250000, 0x000000010b250000)

Polling page: 0x0000000105d84000

Metaspace:

Usage:
  Non-class:     15.83 MB capacity,    15.54 MB ( 98%) used,   254.77 KB (  2%) free+waste,    38.12 KB ( <1%) overhead. 
      Class:      2.21 MB capacity,     2.07 MB ( 93%) used,   130.84 KB (  6%) free+waste,    20.31 KB ( <1%) overhead. 
       Both:     18.04 MB capacity,    17.61 MB ( 98%) used,   385.61 KB (  2%) free+waste,    58.44 KB ( <1%) overhead. 

Virtual space:
  Non-class space:       16.00 MB reserved,      16.00 MB (100%) committed 
      Class space:        1.00 GB reserved,       2.38 MB ( <1%) committed 
             Both:        1.02 GB reserved,      18.38 MB (  2%) committed 

Chunk freelists:
   Non-Class:  169.00 KB
       Class:  80.00 KB
        Both:  249.00 KB

MaxMetaspaceSize: unlimited
CompressedClassSpaceSize: 1.00 GB

CodeHeap 'non-profiled nmethods': size=120028Kb used=3887Kb max_used=3887Kb free=116140Kb
 bounds [0x000000011dad9000, 0x000000011dea9000, 0x0000000125010000]
CodeHeap 'profiled nmethods': size=120028Kb used=9245Kb max_used=9245Kb free=110782Kb
 bounds [0x00000001165a2000, 0x0000000116eb2000, 0x000000011dad9000]
CodeHeap 'non-nmethods': size=5704Kb used=1403Kb max_used=1465Kb free=4300Kb
 bounds [0x0000000116010000, 0x0000000116280000, 0x00000001165a2000]
 total_blobs=8374 nmethods=4472 adapters=624
 compilation: enabled
              stopped_count=0, restarted_count=0
 full_count=0

Compilation events (20 events):
Event: 7730.526 Thread 0x00007feb790ab000 5561       4       java.awt.Component::getSize (5 bytes)
Event: 7730.527 Thread 0x00007feb790ab000 nmethod 5561 0x000000011dea3490 code [0x000000011dea3620, 0x000000011dea3718]
Event: 7730.536 Thread 0x00007feb790ab000 5564       4       java.awt.event.ComponentEvent::getComponent (22 bytes)
Event: 7730.536 Thread 0x00007feb790ab000 nmethod 5564 0x000000011dea3810 code [0x000000011dea3980, 0x000000011dea3a38]
Event: 7730.548 Thread 0x00007feb7b000800 5565   !   3       sun.util.locale.provider.JRELocaleProviderAdapter::getDateFormatProvider (51 bytes)
Event: 7730.550 Thread 0x00007feb7b000800 nmethod 5565 0x0000000116ea8390 code [0x0000000116ea8620, 0x0000000116ea9698]
Event: 7730.550 Thread 0x00007feb7b000800 5566       3       com.apple.laf.AquaFileChooserUI$FileRenderer::getTableCellRendererComponent (65 bytes)
Event: 7730.551 Thread 0x00007feb7b000800 nmethod 5566 0x0000000116ea9b90 code [0x0000000116ea9e00, 0x0000000116eaacd8]
Event: 7730.551 Thread 0x00007feb7b000800 5567       3       sun.awt.shell.ShellFolder::toString (19 bytes)
Event: 7730.551 Thread 0x00007feb7b000800 nmethod 5567 0x0000000116eab110 code [0x0000000116eab2e0, 0x0000000116eab918]
Event: 7730.608 Thread 0x00007feb790ab000 5568       4       java.awt.WaitDispatchSupport$1::evaluate (133 bytes)
Event: 7730.611 Thread 0x00007feb790ab000 nmethod 5568 0x000000011dea3b10 code [0x000000011dea3cc0, 0x000000011dea3f48]
Event: 7730.611 Thread 0x00007feb790ab000 5569       4       java.awt.Dialog$$Lambda$180/0x0000000800cfd040::evaluate (4 bytes)
Event: 7730.611 Thread 0x00007feb790ab000 nmethod 5569 0x000000011dea4290 code [0x000000011dea4400, 0x000000011dea4478]
Event: 7731.383 Thread 0x00007feb7b000800 5570       3       javax.swing.JComboBox::getUI (8 bytes)
Event: 7731.384 Thread 0x00007feb7b000800 nmethod 5570 0x0000000116eaba90 code [0x0000000116eabc40, 0x0000000116eabed0]
Event: 7731.408 Thread 0x00007feb790ab000 5571  s!   4       sun.java2d.opengl.OGLRenderQueue$QueueFlusher::flushNow (40 bytes)
Event: 7731.411 Thread 0x00007feb790ab000 nmethod 5571 0x000000011dea4590 code [0x000000011dea4740, 0x000000011dea4ad8]
Event: 7731.411 Thread 0x00007feb790ab000 5572       4       sun.java2d.pipe.RenderQueue::ensureAlignment (28 bytes)
Event: 7731.412 Thread 0x00007feb790ab000 nmethod 5572 0x000000011dea4c10 code [0x000000011dea4d80, 0x000000011dea4e38]

GC Heap History (20 events):
Event: 612.345 GC heap before
{Heap before GC invocations=660 (full 0):
 garbage-first heap   total 159744K, used 131273K [0x0000000780000000, 0x0000000800000000)
  region size 1024K, 93 young (95232K), 1 survivors (1024K)
 Metaspace       used 17914K, capacity 18351K, committed 18560K, reserved 1064960K
  class space    used 2133K, capacity 2319K, committed 2432K, reserved 1048576K
}
Event: 612.345 GC heap after
{Heap after GC invocations=661 (full 0):
 garbage-first heap   total 159744K, used 37063K [0x0000000780000000, 0x0000000800000000)
  region size 1024K, 1 young (1024K), 1 survivors (1024K)
 Metaspace       used 17914K, capacity 18351K, committed 18560K, reserved 1064960K
  class space    used 2133K, capacity 2319K, committed 2432K, reserved 1048576K
}
Event: 612.508 GC heap before
{Heap before GC invocations=661 (full 0):
 garbage-first heap   total 159744K, used 131271K [0x0000000780000000, 0x0000000800000000)
  region size 1024K, 93 young (95232K), 1 survivors (1024K)
 Metaspace       used 17914K, capacity 18351K, committed 18560K, reserved 1064960K
  class space    used 2133K, capacity 2319K, committed 2432K, reserved 1048576K
}
Event: 612.509 GC heap after
{Heap after GC invocations=662 (full 0):
 garbage-first heap   total 159744K, used 37065K [0x0000000780000000, 0x0000000800000000)
  region size 1024K, 1 young (1024K), 1 survivors (1024K)
 Metaspace       used 17914K, capacity 18351K, committed 18560K, reserved 1064960K
  class space    used 2133K, capacity 2319K, committed 2432K, reserved 1048576K
}
Event: 612.670 GC heap before
{Heap before GC invocations=662 (full 0):
 garbage-first heap   total 159744K, used 131273K [0x0000000780000000, 0x0000000800000000)
  region size 1024K, 93 young (95232K), 1 survivors (1024K)
 Metaspace       used 17914K, capacity 18351K, committed 18560K, reserved 1064960K
  class space    used 2133K, capacity 2319K, committed 2432K, reserved 1048576K
}
Event: 612.671 GC heap after
{Heap after GC invocations=663 (full 0):
 garbage-first heap   total 159744K, used 37065K [0x0000000780000000, 0x0000000800000000)
  region size 1024K, 1 young (1024K), 1 survivors (1024K)
 Metaspace       used 17914K, capacity 18351K, committed 18560K, reserved 1064960K
  class space    used 2133K, capacity 2319K, committed 2432K, reserved 1048576K
}
Event: 612.833 GC heap before
{Heap before GC invocations=663 (full 0):
 garbage-first heap   total 159744K, used 131273K [0x0000000780000000, 0x0000000800000000)
  region size 1024K, 93 young (95232K), 1 survivors (1024K)
 Metaspace       used 17914K, capacity 18351K, committed 18560K, reserved 1064960K
  class space    used 2133K, capacity 2319K, committed 2432K, reserved 1048576K
}
Event: 612.833 GC heap after
{Heap after GC invocations=664 (full 0):
 garbage-first heap   total 159744K, used 37065K [0x0000000780000000, 0x0000000800000000)
  region size 1024K, 1 young (1024K), 1 survivors (1024K)
 Metaspace       used 17914K, capacity 18351K, committed 18560K, reserved 1064960K
  class space    used 2133K, capacity 2319K, committed 2432K, reserved 1048576K
}
Event: 612.995 GC heap before
{Heap before GC invocations=664 (full 0):
 garbage-first heap   total 159744K, used 131273K [0x0000000780000000, 0x0000000800000000)
  region size 1024K, 93 young (95232K), 1 survivors (1024K)
 Metaspace       used 17914K, capacity 18351K, committed 18560K, reserved 1064960K
  class space    used 2133K, capacity 2319K, committed 2432K, reserved 1048576K
}
Event: 612.995 GC heap after
{Heap after GC invocations=665 (full 0):
 garbage-first heap   total 159744K, used 37065K [0x0000000780000000, 0x0000000800000000)
  region size 1024K, 1 young (1024K), 1 survivors (1024K)
 Metaspace       used 17914K, capacity 18351K, committed 18560K, reserved 1064960K
  class space    used 2133K, capacity 2319K, committed 2432K, reserved 1048576K
}
Event: 613.157 GC heap before
{Heap before GC invocations=665 (full 0):
 garbage-first heap   total 159744K, used 131273K [0x0000000780000000, 0x0000000800000000)
  region size 1024K, 93 young (95232K), 1 survivors (1024K)
 Metaspace       used 17914K, capacity 18351K, committed 18560K, reserved 1064960K
  class space    used 2133K, capacity 2319K, committed 2432K, reserved 1048576K
}
Event: 613.157 GC heap after
{Heap after GC invocations=666 (full 0):
 garbage-first heap   total 159744K, used 37065K [0x0000000780000000, 0x0000000800000000)
  region size 1024K, 1 young (1024K), 1 survivors (1024K)
 Metaspace       used 17914K, capacity 18351K, committed 18560K, reserved 1064960K
  class space    used 2133K, capacity 2319K, committed 2432K, reserved 1048576K
}
Event: 613.322 GC heap before
{Heap before GC invocations=666 (full 0):
 garbage-first heap   total 159744K, used 131273K [0x0000000780000000, 0x0000000800000000)
  region size 1024K, 93 young (95232K), 1 survivors (1024K)
 Metaspace       used 17914K, capacity 18351K, committed 18560K, reserved 1064960K
  class space    used 2133K, capacity 2319K, committed 2432K, reserved 1048576K
}
Event: 613.322 GC heap after
{Heap after GC invocations=667 (full 0):
 garbage-first heap   total 159744K, used 37063K [0x0000000780000000, 0x0000000800000000)
  region size 1024K, 1 young (1024K), 1 survivors (1024K)
 Metaspace       used 17914K, capacity 18351K, committed 18560K, reserved 1064960K
  class space    used 2133K, capacity 2319K, committed 2432K, reserved 1048576K
}
Event: 3034.117 GC heap before
{Heap before GC invocations=667 (full 0):
 garbage-first heap   total 159744K, used 131271K [0x0000000780000000, 0x0000000800000000)
  region size 1024K, 93 young (95232K), 1 survivors (1024K)
 Metaspace       used 17914K, capacity 18351K, committed 18560K, reserved 1064960K
  class space    used 2133K, capacity 2319K, committed 2432K, reserved 1048576K
}
Event: 3034.121 GC heap after
{Heap after GC invocations=668 (full 0):
 garbage-first heap   total 159744K, used 37074K [0x0000000780000000, 0x0000000800000000)
  region size 1024K, 1 young (1024K), 1 survivors (1024K)
 Metaspace       used 17914K, capacity 18351K, committed 18560K, reserved 1064960K
  class space    used 2133K, capacity 2319K, committed 2432K, reserved 1048576K
}
Event: 6595.581 GC heap before
{Heap before GC invocations=668 (full 0):
 garbage-first heap   total 159744K, used 82130K [0x0000000780000000, 0x0000000800000000)
  region size 1024K, 18 young (18432K), 1 survivors (1024K)
 Metaspace       used 17924K, capacity 18351K, committed 18560K, reserved 1064960K
  class space    used 2134K, capacity 2319K, committed 2432K, reserved 1048576K
}
Event: 6595.664 GC heap after
{Heap after GC invocations=669 (full 0):
 garbage-first heap   total 159744K, used 65750K [0x0000000780000000, 0x0000000800000000)
  region size 1024K, 1 young (1024K), 1 survivors (1024K)
 Metaspace       used 17924K, capacity 18351K, committed 18560K, reserved 1064960K
  class space    used 2134K, capacity 2319K, committed 2432K, reserved 1048576K
}
Event: 7731.388 GC heap before
{Heap before GC invocations=670 (full 0):
 garbage-first heap   total 159744K, used 155862K [0x0000000780000000, 0x0000000800000000)
  region size 1024K, 40 young (40960K), 1 survivors (1024K)
 Metaspace       used 18030K, capacity 18475K, committed 18816K, reserved 1064960K
  class space    used 2116K, capacity 2268K, committed 2432K, reserved 1048576K
}
Event: 7731.405 GC heap after
{Heap after GC invocations=671 (full 0):
 garbage-first heap   total 166912K, used 123866K [0x0000000780000000, 0x0000000800000000)
  region size 1024K, 7 young (7168K), 7 survivors (7168K)
 Metaspace       used 18030K, capacity 18475K, committed 18816K, reserved 1064960K
  class space    used 2116K, capacity 2268K, committed 2432K, reserved 1048576K
}

Deoptimization events (20 events):
Event: 7643.853 Thread 0x00007feb7913a000 DEOPT PACKING pc=0x000000011dd13d98 sp=0x00007000055d45e0
Event: 7643.853 Thread 0x00007feb7913a000 DEOPT UNPACKING pc=0x0000000116058e25 sp=0x00007000055d4570 mode 2
Event: 7667.062 Thread 0x00007feb7913a000 Uncommon trap: trap_request=0xffffff45 fr.pc=0x000000011dc23200 relative=0x0000000000000f20
Event: 7667.062 Thread 0x00007feb7913a000 Uncommon trap: reason=unstable_if action=reinterpret pc=0x000000011dc23200 method=java.awt.LightweightDispatcher.retargetMouseEvent(Ljava/awt/Component;ILjava/awt/event/MouseEvent;)V @ 264 c2
Event: 7667.062 Thread 0x00007feb7913a000 DEOPT PACKING pc=0x000000011dc23200 sp=0x00007000055d45f0
Event: 7667.062 Thread 0x00007feb7913a000 DEOPT UNPACKING pc=0x0000000116058e25 sp=0x00007000055d45e0 mode 2
Event: 7667.062 Thread 0x00007feb7913a000 Uncommon trap: trap_request=0xffffff45 fr.pc=0x000000011dc193cc relative=0x0000000000002ccc
Event: 7667.062 Thread 0x00007feb7913a000 Uncommon trap: reason=unstable_if action=reinterpret pc=0x000000011dc193cc method=java.awt.LightweightDispatcher.processMouseEvent(Ljava/awt/event/MouseEvent;)Z @ 60 c2
Event: 7667.062 Thread 0x00007feb7913a000 DEOPT PACKING pc=0x000000011dc193cc sp=0x00007000055d46a0
Event: 7667.062 Thread 0x00007feb7913a000 DEOPT UNPACKING pc=0x0000000116058e25 sp=0x00007000055d4558 mode 2
Event: 7667.081 Thread 0x00007feb7913a000 Uncommon trap: trap_request=0xffffff45 fr.pc=0x000000011dbbebb4 relative=0x0000000000001954
Event: 7667.081 Thread 0x00007feb7913a000 Uncommon trap: reason=unstable_if action=reinterpret pc=0x000000011dbbebb4 method=java.awt.LightweightDispatcher.processMouseEvent(Ljava/awt/event/MouseEvent;)Z @ 60 c2
Event: 7667.081 Thread 0x00007feb7913a000 DEOPT PACKING pc=0x000000011dbbebb4 sp=0x00007000055d4630
Event: 7667.081 Thread 0x00007feb7913a000 DEOPT UNPACKING pc=0x0000000116058e25 sp=0x00007000055d4540 mode 2
Event: 7717.368 Thread 0x00007feb7913a000 DEOPT PACKING pc=0x0000000116e58a5b sp=0x00007000055d2dd0
Event: 7717.368 Thread 0x00007feb7913a000 DEOPT UNPACKING pc=0x000000011605933a sp=0x00007000055d21d0 mode 0
Event: 7731.317 Thread 0x00007feb7913a000 Uncommon trap: trap_request=0xffffffde fr.pc=0x000000011dca91ac relative=0x000000000000202c
Event: 7731.317 Thread 0x00007feb7913a000 Uncommon trap: reason=class_check action=maybe_recompile pc=0x000000011dca91ac method=java.awt.LightweightDispatcher.eventDispatched(Ljava/awt/AWTEvent;)V @ 93 c2
Event: 7731.317 Thread 0x00007feb7913a000 DEOPT PACKING pc=0x000000011dca91ac sp=0x00007000055d3190
Event: 7731.317 Thread 0x00007feb7913a000 DEOPT UNPACKING pc=0x0000000116058e25 sp=0x00007000055d3148 mode 2

Classes unloaded (20 events):
Event: 6595.737 Thread 0x00007feb790a9800 Unloading class 0x0000000800b62c40 'java/lang/invoke/LambdaForm$MH'
Event: 6595.737 Thread 0x00007feb790a9800 Unloading class 0x0000000800b62840 'java/lang/invoke/LambdaForm$MH'
Event: 6595.737 Thread 0x00007feb790a9800 Unloading class 0x0000000800b63440 'java/lang/invoke/LambdaForm$MH'
Event: 6595.737 Thread 0x00007feb790a9800 Unloading class 0x0000000800b63040 'java/lang/invoke/LambdaForm$MH'
Event: 6595.737 Thread 0x00007feb790a9800 Unloading class 0x0000000800b63c40 'java/lang/invoke/LambdaForm$MH'
Event: 6595.737 Thread 0x00007feb790a9800 Unloading class 0x0000000800b63840 'java/lang/invoke/LambdaForm$MH'
Event: 6595.737 Thread 0x00007feb790a9800 Unloading class 0x0000000800b64440 'java/lang/invoke/LambdaForm$MH'
Event: 6595.737 Thread 0x00007feb790a9800 Unloading class 0x0000000800b64c40 'java/lang/invoke/LambdaForm$MH'
Event: 6595.737 Thread 0x00007feb790a9800 Unloading class 0x0000000800b65440 'java/lang/invoke/LambdaForm$MH'
Event: 6595.737 Thread 0x00007feb790a9800 Unloading class 0x0000000800b65040 'java/lang/invoke/LambdaForm$MH'
Event: 6595.737 Thread 0x00007feb790a9800 Unloading class 0x0000000800b65c40 'java/lang/invoke/LambdaForm$MH'
Event: 6595.737 Thread 0x00007feb790a9800 Unloading class 0x0000000800b65840 'java/lang/invoke/LambdaForm$MH'
Event: 6595.737 Thread 0x00007feb790a9800 Unloading class 0x0000000800b66040 'java/lang/invoke/LambdaForm$MH'
Event: 6595.737 Thread 0x00007feb790a9800 Unloading class 0x0000000800b66c40 'java/lang/invoke/LambdaForm$MH'
Event: 6595.737 Thread 0x00007feb790a9800 Unloading class 0x0000000800b60840 'java/lang/invoke/LambdaForm$MH'
Event: 6595.737 Thread 0x00007feb790a9800 Unloading class 0x0000000800b60440 'java/lang/invoke/LambdaForm$MH'
Event: 6595.737 Thread 0x00007feb790a9800 Unloading class 0x0000000800b60040 'java/lang/invoke/LambdaForm$MH'
Event: 6595.737 Thread 0x00007feb790a9800 Unloading class 0x0000000800b57440 'java/lang/invoke/LambdaForm$MH'
Event: 6595.737 Thread 0x00007feb790a9800 Unloading class 0x0000000800b57c40 'java/lang/invoke/LambdaForm$MH'
Event: 6595.737 Thread 0x00007feb790a9800 Unloading class 0x0000000800b57840 'java/lang/invoke/LambdaForm$MH'

Classes redefined (0 events):
No events

Internal exceptions (20 events):
Event: 83.998 Thread 0x00007feb7b800800 Exception <a 'java/lang/NullPointerException'{0x0000000787f00ad0}> (0x0000000787f00ad0) 
thrown [/private/tmp/openjdk-20200206-80647-17gesci/jdk13u-jdk-13.0.2+8/src/hotspot/share/interpreter/linkResolver.cpp, line 1349]
Event: 84.034 Thread 0x00007feb7913a000 Exception <a 'java/lang/NoSuchMethodError'{0x0000000787e6bc68}: 'java.lang.Object java.lang.invoke.DirectMethodHandle$Holder.invokeStatic(java.lang.Object, java.lang.Object, int, int, int, int)'> (0x0000000787e6bc68) 
thrown [/private/tmp/openjdk-20200206-80647-17gesci/jdk13u-jdk-13.0.2+8/src/hotspot/share/interpreter/linkResolver.cpp, line 767]
Event: 94.675 Thread 0x00007feb7913a000 Implicit null exception at 0x000000011dbda3e8 to 0x000000011dbdc442
Event: 138.305 Thread 0x00007feb7913a000 Implicit null exception at 0x000000011dc34255 to 0x000000011dc38342
Event: 171.623 Thread 0x00007feb7913a000 Exception <a 'java/io/FileNotFoundException'{0x0000000786c14920}> (0x0000000786c14920) 
thrown [/private/tmp/openjdk-20200206-80647-17gesci/jdk13u-jdk-13.0.2+8/src/hotspot/share/prims/jni.cpp, line 598]
Event: 171.673 Thread 0x00007feb7913a000 Exception <a 'java/io/FileNotFoundException'{0x0000000786c15178}> (0x0000000786c15178) 
thrown [/private/tmp/openjdk-20200206-80647-17gesci/jdk13u-jdk-13.0.2+8/src/hotspot/share/prims/jni.cpp, line 598]
Event: 178.199 Thread 0x00007feb7913a000 Implicit null exception at 0x000000011dbbd610 to 0x000000011dbbf17a
Event: 183.572 Thread 0x00007feb7913a000 Implicit null exception at 0x000000011dc4f26d to 0x000000011dc4fd52
Event: 260.781 Thread 0x00007feb7913a000 Implicit null exception at 0x000000011dce58e9 to 0x000000011dce5a42
Event: 487.922 Thread 0x00007feb7913a000 Exception <a 'java/io/FileNotFoundException'{0x00000007866db3c8}> (0x00000007866db3c8) 
thrown [/private/tmp/openjdk-20200206-80647-17gesci/jdk13u-jdk-13.0.2+8/src/hotspot/share/prims/jni.cpp, line 598]
Event: 487.974 Thread 0x00007feb7913a000 Exception <a 'java/io/FileNotFoundException'{0x00000007866dbe70}> (0x00000007866dbe70) 
thrown [/private/tmp/openjdk-20200206-80647-17gesci/jdk13u-jdk-13.0.2+8/src/hotspot/share/prims/jni.cpp, line 598]
Event: 594.187 Thread 0x00007feb7913a000 Exception <a 'java/io/FileNotFoundException'{0x0000000785c2e410}> (0x0000000785c2e410) 
thrown [/private/tmp/openjdk-20200206-80647-17gesci/jdk13u-jdk-13.0.2+8/src/hotspot/share/prims/jni.cpp, line 598]
Event: 594.238 Thread 0x00007feb7913a000 Exception <a 'java/io/FileNotFoundException'{0x0000000785c2f938}> (0x0000000785c2f938) 
thrown [/private/tmp/openjdk-20200206-80647-17gesci/jdk13u-jdk-13.0.2+8/src/hotspot/share/prims/jni.cpp, line 598]
Event: 6596.552 Thread 0x00007feb7913a000 Implicit null exception at 0x000000011dd5c622 to 0x000000011dd5c7d2
Event: 6598.697 Thread 0x00007feb7913a000 Implicit null exception at 0x000000011de33d9a to 0x000000011de341be
Event: 7036.455 Thread 0x00007feb7913a000 Implicit null exception at 0x000000011dd5c01c to 0x000000011dd5c1ba
Event: 7388.958 Thread 0x00007feb7913a000 Implicit null exception at 0x000000011dde7b79 to 0x000000011dde9bfe
Event: 7390.309 Thread 0x00007feb7913a000 Implicit null exception at 0x000000011dda7e9c to 0x000000011dda9f0a
Event: 7393.251 Thread 0x00007feb7913a000 Exception <a 'java/io/FileNotFoundException'{0x0000000788a05818}> (0x0000000788a05818) 
thrown [/private/tmp/openjdk-20200206-80647-17gesci/jdk13u-jdk-13.0.2+8/src/hotspot/share/prims/jni.cpp, line 598]
Event: 7393.308 Thread 0x00007feb7913a000 Exception <a 'java/io/FileNotFoundException'{0x0000000788a06070}> (0x0000000788a06070) 
thrown [/private/tmp/openjdk-20200206-80647-17gesci/jdk13u-jdk-13.0.2+8/src/hotspot/share/prims/jni.cpp, line 598]

Events (20 events):
Event: 7718.050 Thread 0x00007feb7a4ee000 Thread added: 0x00007feb7a4ee000
Event: 7718.050 Protecting memory [0x0000700006405000,0x0000700006409000] with protection modes 0
Event: 7718.051 Protecting memory [0x0000700006405000,0x0000700006409000] with protection modes 3
Event: 7718.051 Thread 0x00007feb7a4ee000 Thread exited: 0x00007feb7a4ee000
Event: 7718.989 Thread 0x00007feb800a1800 Thread added: 0x00007feb800a1800
Event: 7718.989 Protecting memory [0x0000700006405000,0x0000700006409000] with protection modes 0
Event: 7718.989 Protecting memory [0x0000700006405000,0x0000700006409000] with protection modes 3
Event: 7718.990 Thread 0x00007feb800a1800 Thread exited: 0x00007feb800a1800
Event: 7730.496 Thread 0x00007feb79ae4000 Thread added: 0x00007feb79ae4000
Event: 7730.496 Protecting memory [0x0000700006405000,0x0000700006409000] with protection modes 0
Event: 7730.497 Protecting memory [0x0000700006405000,0x0000700006409000] with protection modes 3
Event: 7730.497 Thread 0x00007feb79ae4000 Thread exited: 0x00007feb79ae4000
Event: 7730.536 Executing VM operation: BulkRevokeBias
Event: 7730.536 Executing VM operation: BulkRevokeBias done
Event: 7731.384 Thread 0x00007feb792a3800 Thread added: 0x00007feb792a3800
Event: 7731.385 Protecting memory [0x0000700006405000,0x0000700006409000] with protection modes 0
Event: 7731.385 Executing VM operation: G1CollectForAllocation
Event: 7731.405 Executing VM operation: G1CollectForAllocation done
Event: 7731.405 Protecting memory [0x0000700006405000,0x0000700006409000] with protection modes 3
Event: 7731.405 Thread 0x00007feb792a3800 Thread exited: 0x00007feb792a3800


Dynamic libraries:
0x00007fff65365000 	/usr/lib/libz.1.dylib
0x0000000105cca000 	/usr/local/Cellar/openjdk/13.0.2+8_2/libexec/openjdk.jdk/Contents/Home/lib/libjli.dylib
0x00007fff394ad000 	/System/Library/Frameworks/Cocoa.framework/Versions/A/Cocoa
0x00007fff45252000 	/System/Library/Frameworks/Security.framework/Versions/A/Security
0x00007fff38140000 	/System/Library/Frameworks/ApplicationServices.framework/Versions/A/ApplicationServices
0x00007fff62cbf000 	/usr/lib/libSystem.B.dylib
0x00007fff65b5b000 	/usr/lib/system/libcache.dylib
0x00007fff65b60000 	/usr/lib/system/libcommonCrypto.dylib
0x00007fff65b6b000 	/usr/lib/system/libcompiler_rt.dylib
0x00007fff65b73000 	/usr/lib/system/libcopyfile.dylib
0x00007fff65b7d000 	/usr/lib/system/libcorecrypto.dylib
0x00007fff65c88000 	/usr/lib/system/libdispatch.dylib
0x00007fff65cc2000 	/usr/lib/system/libdyld.dylib
0x00007fff65cef000 	/usr/lib/system/libkeymgr.dylib
0x00007fff65cfd000 	/usr/lib/system/liblaunch.dylib
0x00007fff65cfe000 	/usr/lib/system/libmacho.dylib
0x00007fff65d04000 	/usr/lib/system/libquarantine.dylib
0x00007fff65d07000 	/usr/lib/system/libremovefile.dylib
0x00007fff65d09000 	/usr/lib/system/libsystem_asl.dylib
0x00007fff65d21000 	/usr/lib/system/libsystem_blocks.dylib
0x00007fff65d22000 	/usr/lib/system/libsystem_c.dylib
0x00007fff65daa000 	/usr/lib/system/libsystem_configuration.dylib
0x00007fff65dae000 	/usr/lib/system/libsystem_coreservices.dylib
0x00007fff65db2000 	/usr/lib/system/libsystem_darwin.dylib
0x00007fff65db9000 	/usr/lib/system/libsystem_dnssd.dylib
0x00007fff65dc0000 	/usr/lib/system/libsystem_info.dylib
0x00007fff65e35000 	/usr/lib/system/libsystem_m.dylib
0x00007fff65e81000 	/usr/lib/system/libsystem_malloc.dylib
0x00007fff65eac000 	/usr/lib/system/libsystem_networkextension.dylib
0x00007fff65eb7000 	/usr/lib/system/libsystem_notify.dylib
0x00007fff65ed4000 	/usr/lib/system/libsystem_sandbox.dylib
0x00007fff65ed8000 	/usr/lib/system/libsystem_secinit.dylib
0x00007fff65e0c000 	/usr/lib/system/libsystem_kernel.dylib
0x00007fff65ebf000 	/usr/lib/system/libsystem_platform.dylib
0x00007fff65ec9000 	/usr/lib/system/libsystem_pthread.dylib
0x00007fff65edb000 	/usr/lib/system/libsystem_symptoms.dylib
0x00007fff65ee3000 	/usr/lib/system/libsystem_trace.dylib
0x00007fff65efa000 	/usr/lib/system/libunwind.dylib
0x00007fff65f00000 	/usr/lib/system/libxpc.dylib
0x00007fff644f6000 	/usr/lib/libobjc.A.dylib
0x00007fff62f56000 	/usr/lib/libc++abi.dylib
0x00007fff62f02000 	/usr/lib/libc++.1.dylib
0x00007fff39d22000 	/System/Library/Frameworks/CoreFoundation.framework/Versions/A/CoreFoundation
0x00007fff3bfa5000 	/System/Library/Frameworks/Foundation.framework/Versions/C/Foundation
0x00007fff37339000 	/System/Library/Frameworks/AppKit.framework/Versions/C/AppKit
0x00007fff398ab000 	/System/Library/Frameworks/CoreData.framework/Versions/A/CoreData
0x00007fff5c785000 	/System/Library/PrivateFrameworks/RemoteViewServices.framework/Versions/A/RemoteViewServices
0x00007fff609fc000 	/System/Library/PrivateFrameworks/UIFoundation.framework/Versions/A/UIFoundation
0x00007fff620e0000 	/System/Library/PrivateFrameworks/XCTTargetBootstrap.framework/Versions/A/XCTTargetBootstrap
0x00007fff39c31000 	/System/Library/Frameworks/CoreDisplay.framework/Versions/A/CoreDisplay
0x00007fff5749a000 	/System/Library/PrivateFrameworks/IconServices.framework/Versions/A/IconServices
0x00007fff3e8c6000 	/System/Library/Frameworks/Metal.framework/Versions/A/Metal
0x00007fff4e9dd000 	/System/Library/PrivateFrameworks/DesktopServicesPriv.framework/Versions/A/DesktopServicesPriv
0x00007fff63859000 	/usr/lib/libenergytrace.dylib
0x00007fff5eee3000 	/System/Library/PrivateFrameworks/SkyLight.framework/Versions/A/SkyLight
0x00007fff3a169000 	/System/Library/Frameworks/CoreGraphics.framework/Versions/A/CoreGraphics
0x00007fff36105000 	/System/Library/Frameworks/Accelerate.framework/Versions/A/Accelerate
0x00007fff3c6ee000 	/System/Library/Frameworks/IOSurface.framework/Versions/A/IOSurface
0x00007fff4e849000 	/System/Library/PrivateFrameworks/DFRFoundation.framework/Versions/A/DFRFoundation
0x00007fff38623000 	/System/Library/Frameworks/AudioToolbox.framework/Versions/A/AudioToolbox
0x00007fff3889c000 	/System/Library/Frameworks/AudioUnit.framework/Versions/A/AudioUnit
0x00007fff4e8de000 	/System/Library/PrivateFrameworks/DataDetectorsCore.framework/Versions/A/DataDetectorsCore
0x00007fff38fb0000 	/System/Library/Frameworks/Carbon.framework/Versions/A/Frameworks/HIToolbox.framework/Versions/A/HIToolbox
0x00007fff639b2000 	/usr/lib/libicucore.A.dylib
0x00007fff447c5000 	/System/Library/Frameworks/QuartzCore.framework/Versions/A/QuartzCore
0x00007fff39385000 	/System/Library/Frameworks/Carbon.framework/Versions/A/Frameworks/SpeechRecognition.framework/Versions/A/SpeechRecognition
0x00007fff62e13000 	/usr/lib/libauto.dylib
0x00007fff65259000 	/usr/lib/libxml2.2.dylib
0x00007fff4e424000 	/System/Library/PrivateFrameworks/CoreUI.framework/Versions/A/CoreUI
0x00007fff39796000 	/System/Library/Frameworks/CoreAudio.framework/Versions/A/CoreAudio
0x00007fff3bdda000 	/System/Library/Frameworks/DiskArbitration.framework/Versions/A/DiskArbitration
0x00007fff63c60000 	/usr/lib/liblangid.dylib
0x00007fff588ca000 	/System/Library/PrivateFrameworks/MultitouchSupport.framework/Versions/A/MultitouchSupport
0x00007fff3c65d000 	/System/Library/Frameworks/IOKit.framework/Versions/A/IOKit
0x00007fff6287f000 	/usr/lib/libDiagnosticMessagesClient.dylib
0x00007fff3af78000 	/System/Library/Frameworks/CoreServices.framework/Versions/A/CoreServices
0x00007fff5a584000 	/System/Library/PrivateFrameworks/PerformanceAnalysis.framework/Versions/A/PerformanceAnalysis
0x00007fff439b3000 	/System/Library/Frameworks/OpenGL.framework/Versions/A/OpenGL
0x00007fff394bb000 	/System/Library/Frameworks/ColorSync.framework/Versions/A/ColorSync
0x00007fff3a7fa000 	/System/Library/Frameworks/CoreImage.framework/Versions/A/CoreImage
0x00007fff3b950000 	/System/Library/Frameworks/CoreText.framework/Versions/A/CoreText
0x00007fff3c751000 	/System/Library/Frameworks/ImageIO.framework/Versions/A/ImageIO
0x00007fff4aa76000 	/System/Library/PrivateFrameworks/Backup.framework/Versions/A/Backup
0x00007fff62d66000 	/usr/lib/libarchive.2.dylib
0x00007fff38bf5000 	/System/Library/Frameworks/CFNetwork.framework/Versions/A/CFNetwork
0x00007fff459ae000 	/System/Library/Frameworks/SystemConfiguration.framework/Versions/A/SystemConfiguration
0x00007fff627b0000 	/usr/lib/libCRFSuite.dylib
0x00007fff62ee3000 	/usr/lib/libbsm.0.dylib
0x00007fff65cf0000 	/usr/lib/system/libkxld.dylib
0x00007fff49e67000 	/System/Library/PrivateFrameworks/AppleFSCompression.framework/Versions/A/AppleFSCompression
0x00007fff62b7f000 	/usr/lib/libOpenScriptingUtil.dylib
0x00007fff6320b000 	/usr/lib/libcoretls.dylib
0x00007fff63222000 	/usr/lib/libcoretls_cfhelpers.dylib
0x00007fff64c8d000 	/usr/lib/libpam.2.dylib
0x00007fff64e4d000 	/usr/lib/libsqlite3.dylib
0x00007fff65247000 	/usr/lib/libxar.1.dylib
0x00007fff62ef4000 	/usr/lib/libbz2.1.0.dylib
0x00007fff63c62000 	/usr/lib/liblzma.5.dylib
0x00007fff64113000 	/usr/lib/libnetwork.dylib
0x00007fff62d4f000 	/usr/lib/libapple_nghttp2.dylib
0x00007fff64c94000 	/usr/lib/libpcap.A.dylib
0x00007fff3b317000 	/System/Library/Frameworks/CoreServices.framework/Versions/A/Frameworks/FSEvents.framework/Versions/A/FSEvents
0x00007fff3aff6000 	/System/Library/Frameworks/CoreServices.framework/Versions/A/Frameworks/CarbonCore.framework/Versions/A/CarbonCore
0x00007fff3b4d2000 	/System/Library/Frameworks/CoreServices.framework/Versions/A/Frameworks/Metadata.framework/Versions/A/Metadata
0x00007fff3b571000 	/System/Library/Frameworks/CoreServices.framework/Versions/A/Frameworks/OSServices.framework/Versions/A/OSServices
0x00007fff3b5bc000 	/System/Library/Frameworks/CoreServices.framework/Versions/A/Frameworks/SearchKit.framework/Versions/A/SearchKit
0x00007fff3af79000 	/System/Library/Frameworks/CoreServices.framework/Versions/A/Frameworks/AE.framework/Versions/A/AE
0x00007fff3b320000 	/System/Library/Frameworks/CoreServices.framework/Versions/A/Frameworks/LaunchServices.framework/Versions/A/LaunchServices
0x00007fff3b2ce000 	/System/Library/Frameworks/CoreServices.framework/Versions/A/Frameworks/DictionaryServices.framework/Versions/A/DictionaryServices
0x00007fff3b624000 	/System/Library/Frameworks/CoreServices.framework/Versions/A/Frameworks/SharedFileList.framework/Versions/A/SharedFileList
0x00007fff3f98e000 	/System/Library/Frameworks/NetFS.framework/Versions/A/NetFS
0x00007fff58b30000 	/System/Library/PrivateFrameworks/NetAuth.framework/Versions/A/NetAuth
0x00007fff624e4000 	/System/Library/PrivateFrameworks/login.framework/Versions/A/Frameworks/loginsupport.framework/Versions/A/loginsupport
0x00007fff60605000 	/System/Library/PrivateFrameworks/TCC.framework/Versions/A/TCC
0x00007fff4da81000 	/System/Library/PrivateFrameworks/CoreNLP.framework/Versions/A/CoreNLP
0x00007fff585a0000 	/System/Library/PrivateFrameworks/MetadataUtilities.framework/Versions/A/MetadataUtilities
0x00007fff63d37000 	/usr/lib/libmecabra.dylib
0x00007fff38141000 	/System/Library/Frameworks/ApplicationServices.framework/Versions/A/Frameworks/ATS.framework/Versions/A/ATS
0x00007fff38490000 	/System/Library/Frameworks/ApplicationServices.framework/Versions/A/Frameworks/ColorSyncLegacy.framework/Versions/A/ColorSyncLegacy
0x00007fff3852f000 	/System/Library/Frameworks/ApplicationServices.framework/Versions/A/Frameworks/HIServices.framework/Versions/A/HIServices
0x00007fff38582000 	/System/Library/Frameworks/ApplicationServices.framework/Versions/A/Frameworks/LangAnalysis.framework/Versions/A/LangAnalysis
0x00007fff38592000 	/System/Library/Frameworks/ApplicationServices.framework/Versions/A/Frameworks/PrintCore.framework/Versions/A/PrintCore
0x00007fff385dc000 	/System/Library/Frameworks/ApplicationServices.framework/Versions/A/Frameworks/QD.framework/Versions/A/QD
0x00007fff38616000 	/System/Library/Frameworks/ApplicationServices.framework/Versions/A/Frameworks/SpeechSynthesis.framework/Versions/A/SpeechSynthesis
0x00007fff62f7e000 	/usr/lib/libcompression.dylib
0x00007fff3eb96000 	/System/Library/Frameworks/MetalPerformanceShaders.framework/Versions/A/MetalPerformanceShaders
0x00007fff3611d000 	/System/Library/Frameworks/Accelerate.framework/Versions/A/Frameworks/vImage.framework/Versions/A/vImage
0x00007fff37197000 	/System/Library/Frameworks/Accelerate.framework/Versions/A/Frameworks/vecLib.framework/Versions/A/vecLib
0x00007fff370e3000 	/System/Library/Frameworks/Accelerate.framework/Versions/A/Frameworks/vecLib.framework/Versions/A/libvMisc.dylib
0x00007fff36efb000 	/System/Library/Frameworks/Accelerate.framework/Versions/A/Frameworks/vecLib.framework/Versions/A/libvDSP.dylib
0x00007fff367b7000 	/System/Library/Frameworks/Accelerate.framework/Versions/A/Frameworks/vecLib.framework/Versions/A/libBLAS.dylib
0x00007fff36aa4000 	/System/Library/Frameworks/Accelerate.framework/Versions/A/Frameworks/vecLib.framework/Versions/A/libLAPACK.dylib
0x00007fff36e4e000 	/System/Library/Frameworks/Accelerate.framework/Versions/A/Frameworks/vecLib.framework/Versions/A/libLinearAlgebra.dylib
0x00007fff36ee7000 	/System/Library/Frameworks/Accelerate.framework/Versions/A/Frameworks/vecLib.framework/Versions/A/libSparseBLAS.dylib
0x00007fff36e64000 	/System/Library/Frameworks/Accelerate.framework/Versions/A/Frameworks/vecLib.framework/Versions/A/libQuadrature.dylib
0x00007fff36a31000 	/System/Library/Frameworks/Accelerate.framework/Versions/A/Frameworks/vecLib.framework/Versions/A/libBNNS.dylib
0x00007fff36e6a000 	/System/Library/Frameworks/Accelerate.framework/Versions/A/Frameworks/vecLib.framework/Versions/A/libSparse.dylib
0x00007fff54dcf000 	/System/Library/PrivateFrameworks/GPUWrangler.framework/Versions/A/GPUWrangler
0x00007fff570cf000 	/System/Library/PrivateFrameworks/IOAccelerator.framework/Versions/A/IOAccelerator
0x00007fff570da000 	/System/Library/PrivateFrameworks/IOPresentment.framework/Versions/A/IOPresentment
0x00007fff4e859000 	/System/Library/PrivateFrameworks/DSExternalDisplay.framework/Versions/A/DSExternalDisplay
0x00007fff42e0a000 	/System/Library/Frameworks/OpenGL.framework/Versions/A/Libraries/libCoreFSCache.dylib
0x00007fff3e98a000 	/System/Library/Frameworks/MetalPerformanceShaders.framework/Frameworks/MPSCore.framework/Versions/A/MPSCore
0x00007fff3e9aa000 	/System/Library/Frameworks/MetalPerformanceShaders.framework/Frameworks/MPSImage.framework/Versions/A/MPSImage
0x00007fff3ea4f000 	/System/Library/Frameworks/MetalPerformanceShaders.framework/Frameworks/MPSNeuralNetwork.framework/Versions/A/MPSNeuralNetwork
0x00007fff3ea27000 	/System/Library/Frameworks/MetalPerformanceShaders.framework/Frameworks/MPSMatrix.framework/Versions/A/MPSMatrix
0x00007fff3eb7b000 	/System/Library/Frameworks/MetalPerformanceShaders.framework/Frameworks/MPSRayIntersector.framework/Versions/A/MPSRayIntersector
0x00007fff585c9000 	/System/Library/PrivateFrameworks/MetalTools.framework/Versions/A/MetalTools
0x00007fff49711000 	/System/Library/PrivateFrameworks/AggregateDictionary.framework/Versions/A/AggregateDictionary
0x00007fff62b5f000 	/usr/lib/libMobileGestalt.dylib
0x00007fff3bab3000 	/System/Library/Frameworks/CoreVideo.framework/Versions/A/CoreVideo
0x00007fff55be0000 	/System/Library/PrivateFrameworks/GraphVisualizer.framework/Versions/A/GraphVisualizer
0x00007fff4fa5f000 	/System/Library/PrivateFrameworks/FaceCore.framework/Versions/A/FaceCore
0x00007fff42438000 	/System/Library/Frameworks/OpenCL.framework/Versions/A/OpenCL
0x00007fff628b7000 	/usr/lib/libFosl_dynamic.dylib
0x00007fff5939b000 	/System/Library/PrivateFrameworks/OTSVG.framework/Versions/A/OTSVG
0x00007fff38245000 	/System/Library/Frameworks/ApplicationServices.framework/Versions/A/Frameworks/ATS.framework/Versions/A/Resources/libFontParser.dylib
0x00007fff3835d000 	/System/Library/Frameworks/ApplicationServices.framework/Versions/A/Frameworks/ATS.framework/Versions/A/Resources/libFontRegistry.dylib
0x00007fff3c9bf000 	/System/Library/Frameworks/ImageIO.framework/Versions/A/Resources/libJPEG.dylib
0x00007fff3ccd1000 	/System/Library/Frameworks/ImageIO.framework/Versions/A/Resources/libTIFF.dylib
0x00007fff3cca7000 	/System/Library/Frameworks/ImageIO.framework/Versions/A/Resources/libPng.dylib
0x00007fff3c8dd000 	/System/Library/Frameworks/ImageIO.framework/Versions/A/Resources/libGIF.dylib
0x00007fff3c8e2000 	/System/Library/Frameworks/ImageIO.framework/Versions/A/Resources/libJP2.dylib
0x00007fff3ccce000 	/System/Library/Frameworks/ImageIO.framework/Versions/A/Resources/libRadiance.dylib
0x00007fff49fbe000 	/System/Library/PrivateFrameworks/AppleJPEG.framework/Versions/A/AppleJPEG
0x00007fff42e15000 	/System/Library/Frameworks/OpenGL.framework/Versions/A/Libraries/libGFXShared.dylib
0x00007fff42fd8000 	/System/Library/Frameworks/OpenGL.framework/Versions/A/Libraries/libGLU.dylib
0x00007fff42e1e000 	/System/Library/Frameworks/OpenGL.framework/Versions/A/Libraries/libGL.dylib
0x00007fff42e2a000 	/System/Library/Frameworks/OpenGL.framework/Versions/A/Libraries/libGLImage.dylib
0x00007fff42e07000 	/System/Library/Frameworks/OpenGL.framework/Versions/A/Libraries/libCVMSPluginSupport.dylib
0x00007fff42e10000 	/System/Library/Frameworks/OpenGL.framework/Versions/A/Libraries/libCoreVMClient.dylib
0x00007fff636cf000 	/usr/lib/libcups.2.dylib
0x00007fff3de91000 	/System/Library/Frameworks/Kerberos.framework/Versions/A/Kerberos
0x00007fff3c3c1000 	/System/Library/Frameworks/GSS.framework/Versions/A/GSS
0x00007fff64de2000 	/usr/lib/libresolv.9.dylib
0x00007fff638c1000 	/usr/lib/libiconv.2.dylib
0x00007fff55d55000 	/System/Library/PrivateFrameworks/Heimdal.framework/Versions/A/Heimdal
0x00007fff63891000 	/usr/lib/libheimdal-asn1.dylib
0x00007fff424ac000 	/System/Library/Frameworks/OpenDirectory.framework/Versions/A/OpenDirectory
0x00007fff4c7e4000 	/System/Library/PrivateFrameworks/CommonAuth.framework/Versions/A/CommonAuth
0x00007fff42490000 	/System/Library/Frameworks/OpenDirectory.framework/Versions/A/Frameworks/CFOpenDirectory.framework/Versions/A/CFOpenDirectory
0x00007fff45553000 	/System/Library/Frameworks/SecurityFoundation.framework/Versions/A/SecurityFoundation
0x00007fff48c57000 	/System/Library/PrivateFrameworks/APFS.framework/Versions/A/APFS
0x00007fff65243000 	/usr/lib/libutil.dylib
0x00007fff62f6c000 	/usr/lib/libcharset.1.dylib
0x00007fff4a25b000 	/System/Library/PrivateFrameworks/AppleSauce.framework/Versions/A/AppleSauce
0x00007fff4a3dc000 	/System/Library/PrivateFrameworks/AssertionServices.framework/Versions/A/AssertionServices
0x00007fff4ab0c000 	/System/Library/PrivateFrameworks/BaseBoard.framework/Versions/A/BaseBoard
0x00007fff63c92000 	/usr/lib/libmecab.1.0.0.dylib
0x00007fff6388b000 	/usr/lib/libgermantok.dylib
0x00007fff62d3c000 	/usr/lib/libThaiTokenizer.dylib
0x00007fff627e7000 	/usr/lib/libChineseTokenizer.dylib
0x00007fff57787000 	/System/Library/PrivateFrameworks/LanguageModeling.framework/Versions/A/LanguageModeling
0x00007fff4d4c6000 	/System/Library/PrivateFrameworks/CoreEmoji.framework/Versions/A/CoreEmoji
0x00007fff57863000 	/System/Library/PrivateFrameworks/Lexicon.framework/Versions/A/Lexicon
0x00007fff578a6000 	/System/Library/PrivateFrameworks/LinguisticData.framework/Versions/A/LinguisticData
0x00007fff62f6d000 	/usr/lib/libcmph.dylib
0x00007fff45611000 	/System/Library/Frameworks/ServiceManagement.framework/Versions/A/ServiceManagement
0x00007fff4aa6d000 	/System/Library/PrivateFrameworks/BackgroundTaskManagement.framework/Versions/A/BackgroundTaskManagement
0x00007fff6533c000 	/usr/lib/libxslt.1.dylib
0x00007fff392b2000 	/System/Library/Frameworks/Carbon.framework/Versions/A/Frameworks/Ink.framework/Versions/A/Ink
0x00007fff60877000 	/System/Library/PrivateFrameworks/TextureIO.framework/Versions/A/TextureIO
0x00007fff62d90000 	/usr/lib/libate.dylib
0x00007fff4e7a8000 	/System/Library/PrivateFrameworks/CrashReporterSupport.framework/Versions/A/CrashReporterSupport
0x00007fff5dfb1000 	/System/Library/PrivateFrameworks/Sharing.framework/Versions/A/Sharing
0x00007fff4a7bf000 	/System/Library/PrivateFrameworks/AuthKit.framework/Versions/A/AuthKit
0x00007fff49d13000 	/System/Library/PrivateFrameworks/Apple80211.framework/Versions/A/Apple80211
0x00007fff4e550000 	/System/Library/PrivateFrameworks/CoreUtils.framework/Versions/A/CoreUtils
0x00007fff3baf4000 	/System/Library/Frameworks/CoreWLAN.framework/Versions/A/CoreWLAN
0x00007fff3c4f0000 	/System/Library/Frameworks/IOBluetooth.framework/Versions/A/IOBluetooth
0x00007fff5c425000 	/System/Library/PrivateFrameworks/ProtocolBuffer.framework/Versions/A/ProtocolBuffer
0x00007fff58826000 	/System/Library/PrivateFrameworks/MobileKeyBag.framework/Versions/A/MobileKeyBag
0x00007fff4dd94000 	/System/Library/PrivateFrameworks/CorePhoneNumbers.framework/Versions/A/CorePhoneNumbers
0x00007fff49f72000 	/System/Library/PrivateFrameworks/AppleIDAuthSupport.framework/Versions/A/AppleIDAuthSupport
0x00007fff5775a000 	/System/Library/PrivateFrameworks/KeychainCircle.framework/Versions/A/KeychainCircle
0x00007fff5c5db000 	/System/Library/PrivateFrameworks/ROCKit.framework/Versions/A/ROCKit
0x00007fff4e744000 	/System/Library/PrivateFrameworks/CoreWiFi.framework/Versions/A/CoreWiFi
0x00007fff39880000 	/System/Library/Frameworks/CoreBluetooth.framework/Versions/A/CoreBluetooth
0x00007fff4e99f000 	/System/Library/PrivateFrameworks/DebugSymbols.framework/Versions/A/DebugSymbols
0x00007fff4e310000 	/System/Library/PrivateFrameworks/CoreSymbolication.framework/Versions/A/CoreSymbolication
0x00007fff60092000 	/System/Library/PrivateFrameworks/Symbolication.framework/Versions/A/Symbolication
0x00007fff5f935000 	/System/Library/PrivateFrameworks/SpeechRecognitionCore.framework/Versions/A/SpeechRecognitionCore
0x00007fff2e402000 	/System/Library/CoreServices/Encodings/libJapaneseConverter.dylib
0x0000000106e00000 	/usr/local/Cellar/openjdk/13.0.2+8_2/libexec/openjdk.jdk/Contents/Home/lib/server/libjvm.dylib
0x0000000105d3b000 	/usr/local/Cellar/openjdk/13.0.2+8_2/libexec/openjdk.jdk/Contents/Home/lib/libverify.dylib
0x0000000105d48000 	/usr/local/Cellar/openjdk/13.0.2+8_2/libexec/openjdk.jdk/Contents/Home/lib/libjava.dylib
0x0000000105d8e000 	/usr/local/Cellar/openjdk/13.0.2+8_2/libexec/openjdk.jdk/Contents/Home/lib/libzip.dylib
0x0000000105d97000 	/usr/local/Cellar/openjdk/13.0.2+8_2/libexec/openjdk.jdk/Contents/Home/lib/libjimage.dylib
0x0000000127caa000 	/usr/local/Cellar/openjdk/13.0.2+8_2/libexec/openjdk.jdk/Contents/Home/lib/libnio.dylib
0x0000000127cba000 	/usr/local/Cellar/openjdk/13.0.2+8_2/libexec/openjdk.jdk/Contents/Home/lib/./libnet.dylib
0x0000000127d8e000 	/usr/local/Cellar/openjdk/13.0.2+8_2/libexec/openjdk.jdk/Contents/Home/lib/libawt.dylib
0x0000000127e25000 	/usr/local/Cellar/openjdk/13.0.2+8_2/libexec/openjdk.jdk/Contents/Home/lib/./libmlib_image.dylib
0x00007fff3de7a000 	/System/Library/Frameworks/JavaVM.framework/Versions/A/Frameworks/JavaNativeFoundation.framework/Versions/A/JavaNativeFoundation
0x00007fff3de83000 	/System/Library/Frameworks/JavaVM.framework/Versions/A/Frameworks/JavaRuntimeSupport.framework/Versions/A/JavaRuntimeSupport
0x00007fff3de8c000 	/System/Library/Frameworks/JavaVM.framework/Versions/A/JavaVM
0x00007fff57679000 	/System/Library/PrivateFrameworks/JavaLaunching.framework/Versions/A/JavaLaunching
0x00007fff38fab000 	/System/Library/Frameworks/Carbon.framework/Versions/A/Carbon
0x00007fff38fac000 	/System/Library/Frameworks/Carbon.framework/Versions/A/Frameworks/CommonPanels.framework/Versions/A/CommonPanels
0x00007fff392a8000 	/System/Library/Frameworks/Carbon.framework/Versions/A/Frameworks/Help.framework/Versions/A/Help
0x00007fff392ac000 	/System/Library/Frameworks/Carbon.framework/Versions/A/Frameworks/ImageCapture.framework/Versions/A/ImageCapture
0x00007fff39348000 	/System/Library/Frameworks/Carbon.framework/Versions/A/Frameworks/OpenScripting.framework/Versions/A/OpenScripting
0x00007fff39380000 	/System/Library/Frameworks/Carbon.framework/Versions/A/Frameworks/Print.framework/Versions/A/Print
0x00007fff39382000 	/System/Library/Frameworks/Carbon.framework/Versions/A/Frameworks/SecurityHI.framework/Versions/A/SecurityHI
0x0000000127e88000 	/usr/local/Cellar/openjdk/13.0.2+8_2/libexec/openjdk.jdk/Contents/Home/lib/libawt_lwawt.dylib
0x0000000127f2e000 	/usr/local/Cellar/openjdk/13.0.2+8_2/libexec/openjdk.jdk/Contents/Home/lib/./libosxapp.dylib
0x00007fff3bf7e000 	/System/Library/Frameworks/ExceptionHandling.framework/Versions/A/ExceptionHandling
0x0000000127f67000 	/usr/local/Cellar/openjdk/13.0.2+8_2/libexec/openjdk.jdk/Contents/Home/lib/libfontmanager.dylib
0x0000000128065000 	/usr/local/Cellar/openjdk/13.0.2+8_2/libexec/openjdk.jdk/Contents/Home/lib/./libfreetype.dylib
0x00007fff4df18000 	/System/Library/PrivateFrameworks/CoreServicesInternal.framework/Versions/A/CoreServicesInternal
0x00007fff2e483000 	/System/Library/CoreServices/RawCamera.bundle/Contents/MacOS/RawCamera
0x00007fff5866d000 	/System/Library/PrivateFrameworks/MobileAsset.framework/Versions/A/MobileAsset
0x00007fff5ffe0000 	/System/Library/PrivateFrameworks/StreamingZip.framework/Versions/A/StreamingZip
0x00007fff3e21e000 	/System/Library/Frameworks/MediaToolbox.framework/Versions/A/MediaToolbox
0x00007fff4d06a000 	/System/Library/PrivateFrameworks/CoreAVCHD.framework/Versions/A/CoreAVCHD
0x00007fff3e164000 	/System/Library/Frameworks/MediaAccessibility.framework/Versions/A/MediaAccessibility
0x00007fff580c9000 	/System/Library/PrivateFrameworks/Mangrove.framework/Versions/A/Mangrove
0x00007fff3ae17000 	/System/Library/Frameworks/CoreMedia.framework/Versions/A/CoreMedia
0x00007fff45c7a000 	/System/Library/Frameworks/VideoToolbox.framework/Versions/A/VideoToolbox
0x00007fff4cc86000 	/System/Library/PrivateFrameworks/CoreAUC.framework/Versions/A/CoreAUC
0x00007fff64e4b000 	/usr/lib/libspindump.dylib
0x00007fff4a341000 	/System/Library/PrivateFrameworks/AppleVA.framework/Versions/A/AppleVA
0x00007fff36106000 	/System/Library/Frameworks/Accelerate.framework/Versions/A/Frameworks/vImage.framework/Versions/A/Libraries/libCGInterfaces.dylib
0x00007fff383f9000 	/System/Library/Frameworks/ApplicationServices.framework/Versions/A/Frameworks/ATS.framework/Versions/A/Resources/libTrueTypeScaler.dylib
0x00007fff332c6000 	/System/Library/Extensions/AppleIntelKBLGraphicsMTLDriver.bundle/Contents/MacOS/AppleIntelKBLGraphicsMTLDriver
0x00007fff5372e000 	/System/Library/PrivateFrameworks/GPUCompiler.framework/Versions/3902/Libraries/libmetal_timestamp.dylib
0x00007fff6182f000 	/System/Library/PrivateFrameworks/ViewBridge.framework/Versions/A/ViewBridge
0x000000012adfc000 	/usr/lib/libobjc-trampolines.dylib
0x000000012ca65000 	/usr/local/Cellar/openjdk/13.0.2+8_2/libexec/openjdk.jdk/Contents/Home/lib/libosxui.dylib
0x00007fff439c3000 	/System/Library/Frameworks/OpenGL.framework/Versions/A/Resources/GLEngine.bundle/GLEngine
0x00007fff42e65000 	/System/Library/Frameworks/OpenGL.framework/Versions/A/Libraries/libGLProgrammability.dylib
0x00007fff324f1000 	/System/Library/Extensions/AppleIntelKBLGraphicsGLDriver.bundle/Contents/MacOS/AppleIntelKBLGraphicsGLDriver
0x00007fff54dc3000 	/System/Library/PrivateFrameworks/GPUSupport.framework/Versions/A/Libraries/libGPUSupportMercury.dylib
0x00007fff43b5b000 	/System/Library/Frameworks/OpenGL.framework/Versions/A/Resources/GLRendererFloat.bundle/GLRendererFloat
0x00007fff4242f000 	/System/Library/Frameworks/OpenCL.framework/Versions/A/Libraries/libcldcpuengine.dylib
0x00007fff633c1000 	/usr/lib/libcrypto.35.dylib
0x00007fff609f5000 	/System/Library/PrivateFrameworks/TrustEvaluationAgent.framework/Versions/A/TrustEvaluationAgent
0x00007fff4bb40000 	/System/Library/PrivateFrameworks/CloudDocs.framework/Versions/A/CloudDocs
0x00007fff4feab000 	/System/Library/PrivateFrameworks/FileProvider.framework/Versions/A/FileProvider
0x00007fff5f9f3000 	/System/Library/PrivateFrameworks/SpotlightIndex.framework/Versions/A/SpotlightIndex
0x00007fff6011e000 	/System/Library/PrivateFrameworks/SymptomDiagnosticReporter.framework/Versions/A/SymptomDiagnosticReporter
0x00007fff55162000 	/System/Library/PrivateFrameworks/GenerationalStorage.framework/Versions/A/GenerationalStorage
0x00007fff4b9d7000 	/System/Library/PrivateFrameworks/ChunkingLibrary.framework/Versions/A/ChunkingLibrary
0x00007fff5bfc4000 	/System/Library/PrivateFrameworks/PowerLog.framework/Versions/A/PowerLog
0x00007fff4d0b8000 	/System/Library/PrivateFrameworks/CoreAnalytics.framework/Versions/A/CoreAnalytics
0x00007fff624e7000 	/System/Library/PrivateFrameworks/login.framework/Versions/A/login


VM Arguments:
java_command: HardwareSimulatorMain
java_class_path (initial): :bin/classes:BuiltIn:bin/lib/Hack.jar:bin/lib/HackGUI.jar:bin/lib/Simulators.jar:bin/lib/SimulatorsGUI.jar:bin/lib/Compilers.jar
Launcher Type: SUN_STANDARD

[Global flags]
     intx CICompilerCount                          = 4                                         {product} {ergonomic}
     uint ConcGCThreads                            = 2                                         {product} {ergonomic}
     uint G1ConcRefinementThreads                  = 8                                         {product} {ergonomic}
   size_t G1HeapRegionSize                         = 1048576                                   {product} {ergonomic}
    uintx GCDrainStackTargetSize                   = 64                                        {product} {ergonomic}
   size_t InitialHeapSize                          = 134217728                                 {product} {ergonomic}
   size_t MarkStackSize                            = 4194304                                   {product} {ergonomic}
   size_t MaxHeapSize                              = 2147483648                                {product} {ergonomic}
   size_t MaxNewSize                               = 1287651328                                {product} {ergonomic}
   size_t MinHeapDeltaBytes                        = 1048576                                   {product} {ergonomic}
   size_t MinHeapSize                              = 8388608                                   {product} {ergonomic}
    uintx NonNMethodCodeHeapSize                   = 5839372                                {pd product} {ergonomic}
    uintx NonProfiledCodeHeapSize                  = 122909434                              {pd product} {ergonomic}
    uintx ProfiledCodeHeapSize                     = 122909434                              {pd product} {ergonomic}
    uintx ReservedCodeCacheSize                    = 251658240                              {pd product} {ergonomic}
     bool SegmentedCodeCache                       = true                                      {product} {ergonomic}
   size_t SoftMaxHeapSize                          = 2147483648                             {manageable} {ergonomic}
     bool UseCompressedClassPointers               = true                                 {lp64_product} {ergonomic}
     bool UseCompressedOops                        = true                                 {lp64_product} {ergonomic}
     bool UseG1GC                                  = true                                      {product} {ergonomic}

Logging:
Log output configuration:
 #0: stdout all=warning uptime,level,tags
 #1: stderr all=off uptime,level,tags

Environment Variables:
PATH=/usr/local/bin:/usr/local/opt/openjdk/bin:/Users/fujitahikaru/.pyenv/shims:/Users/fujitahikaru/.pyenv/bin:/Users/fujitahikaru/.nodebrew/current/bin:/Users/fujitahikaru/.rbenv/shims:/Users/fujitahikaru/.rbenv/bin:/Users/fujitahikaru/.rbenv/shims:/usr/local/bin:/usr/bin:/bin:/usr/sbin:/sbin:/opt/X11/bin
SHELL=/usr/local/bin/zsh
DISPLAY=/private/tmp/com.apple.launchd.tlG3oIThaO/org.macosforge.xquartz:0

Signal Handlers:
SIGSEGV: [libjvm.dylib+0x7f0282], sa_mask[0]=11111111011111110111111111111111, sa_flags=SA_ONSTACK|SA_RESTART|SA_SIGINFO
SIGBUS: [libjvm.dylib+0x7f0282], sa_mask[0]=11111111011111110111111111111111, sa_flags=SA_RESTART|SA_SIGINFO
SIGFPE: [libjvm.dylib+0x7f0282], sa_mask[0]=11111111011111110111111111111111, sa_flags=SA_RESTART|SA_SIGINFO
SIGPIPE: [libjvm.dylib+0x6357e1], sa_mask[0]=11111111011111110111111111111111, sa_flags=SA_RESTART|SA_SIGINFO
SIGXFSZ: [libjvm.dylib+0x6357e1], sa_mask[0]=11111111011111110111111111111111, sa_flags=SA_RESTART|SA_SIGINFO
SIGILL: [libjvm.dylib+0x7f0282], sa_mask[0]=11111111011111110111111111111111, sa_flags=SA_RESTART|SA_SIGINFO
SIGUSR2: [libjvm.dylib+0x635db6], sa_mask[0]=00000000000000000000000000000000, sa_flags=SA_RESTART|SA_SIGINFO
SIGHUP: [libjvm.dylib+0x634daf], sa_mask[0]=11111111011111110111111111111111, sa_flags=SA_RESTART|SA_SIGINFO
SIGINT: SIG_IGN, sa_mask[0]=00000000000000000000000000000000, sa_flags=none
SIGTERM: [libjvm.dylib+0x634daf], sa_mask[0]=11111111011111110111111111111111, sa_flags=SA_RESTART|SA_SIGINFO
SIGQUIT: [libjvm.dylib+0x634daf], sa_mask[0]=11111111011111110111111111111111, sa_flags=SA_RESTART|SA_SIGINFO


---------------  S Y S T E M  ---------------

OS:uname:Darwin 18.7.0 Darwin Kernel Version 18.7.0: Tue Aug 20 16:57:14 PDT 2019; root:xnu-4903.271.2~2/RELEASE_X86_64 x86_64
rlimit: STACK 8192k, CORE 0k, NPROC 709, NOFILE 10240, AS infinity, DATA infinity, FSIZE infinity
load average:1.72 2.05 2.54

CPU:total 8 (initial active 8) (4 cores per cpu, 2 threads per core) family 6 model 142 stepping 10, cmov, cx8, fxsr, mmx, sse, sse2, sse3, ssse3, sse4.1, sse4.2, popcnt, avx, avx2, aes, clmul, erms, 3dnowpref, lzcnt, ht, tsc, tscinvbit, bmi1, bmi2, adx, fma

Memory: 4k page, physical 8388608k(108664k free), swap 2097152k(1312000k free)

vm_info: OpenJDK 64-Bit Server VM (13.0.2+8) for bsd-amd64 JRE (13.0.2+8), built on Feb  6 2020 02:06:57 by "brew" with clang 4.2.1 Compatible Apple LLVM 11.0.0 (clang-1100.0.33.17)

END.
